{"D:\\GithubProject\\AuroraDocs\\src\\services\\shareService.ts": {"path":"D:\\GithubProject\\AuroraDocs\\src\\services\\shareService.ts","statementMap":{"0":{"start":{"line":3,"column":28},"end":{"line":21,"column":null}},"1":{"start":{"line":5,"column":20},"end":{"line":5,"column":null}},"2":{"start":{"line":6,"column":4},"end":{"line":6,"column":null}},"3":{"start":{"line":10,"column":16},"end":{"line":10,"column":null}},"4":{"start":{"line":11,"column":4},"end":{"line":11,"column":null}},"5":{"start":{"line":11,"column":14},"end":{"line":11,"column":null}},"6":{"start":{"line":12,"column":4},"end":{"line":12,"column":null}},"7":{"start":{"line":16,"column":4},"end":{"line":19,"column":null}},"8":{"start":{"line":18,"column":18},"end":{"line":18,"column":22}},"9":{"start":{"line":19,"column":19},"end":{"line":19,"column":24}}},"fnMap":{"0":{"name":"(anonymous_0)","decl":{"start":{"line":4,"column":2},"end":{"line":4,"column":20}},"loc":{"start":{"line":4,"column":48},"end":{"line":7,"column":null}},"line":4},"1":{"name":"(anonymous_1)","decl":{"start":{"line":9,"column":2},"end":{"line":9,"column":14}},"loc":{"start":{"line":9,"column":49},"end":{"line":13,"column":null}},"line":9},"2":{"name":"(anonymous_2)","decl":{"start":{"line":15,"column":2},"end":{"line":15,"column":18}},"loc":{"start":{"line":15,"column":50},"end":{"line":20,"column":null}},"line":15},"3":{"name":"(anonymous_3)","decl":{"start":{"line":18,"column":12},"end":{"line":18,"column":18}},"loc":{"start":{"line":18,"column":18},"end":{"line":18,"column":22}},"line":18},"4":{"name":"(anonymous_4)","decl":{"start":{"line":19,"column":13},"end":{"line":19,"column":19}},"loc":{"start":{"line":19,"column":19},"end":{"line":19,"column":24}},"line":19}},"branchMap":{"0":{"loc":{"start":{"line":11,"column":4},"end":{"line":11,"column":null}},"type":"if","locations":[{"start":{"line":11,"column":4},"end":{"line":11,"column":null}},{"start":{},"end":{}}],"line":11}},"s":{"0":0,"1":0,"2":0,"3":0,"4":0,"5":0,"6":0,"7":0,"8":0,"9":0},"f":{"0":0,"1":0,"2":0,"3":0,"4":0},"b":{"0":[0,0]},"meta":{"lastBranch":1,"lastFunction":5,"lastStatement":10,"seen":{"s:3:28:21:Infinity":0,"f:4:2:4:20":0,"s:5:20:5:Infinity":1,"s:6:4:6:Infinity":2,"f:9:2:9:14":1,"s:10:16:10:Infinity":3,"b:11:4:11:Infinity:undefined:undefined:undefined:undefined":0,"s:11:4:11:Infinity":4,"s:11:14:11:Infinity":5,"s:12:4:12:Infinity":6,"f:15:2:15:18":2,"s:16:4:19:Infinity":7,"f:18:12:18:18":3,"s:18:18:18:22":8,"f:19:13:19:19":4,"s:19:19:19:24":9}}}
,"D:\\GithubProject\\AuroraDocs\\src\\services\\api\\documentApi.ts": {"path":"D:\\GithubProject\\AuroraDocs\\src\\services\\api\\documentApi.ts","statementMap":{"0":{"start":{"line":3,"column":27},"end":{"line":37,"column":null}},"1":{"start":{"line":5,"column":4},"end":{"line":14,"column":null}},"2":{"start":{"line":18,"column":4},"end":{"line":18,"column":null}},"3":{"start":{"line":22,"column":4},"end":{"line":31,"column":null}},"4":{"start":{"line":35,"column":4},"end":{"line":35,"column":null}}},"fnMap":{"0":{"name":"(anonymous_0)","decl":{"start":{"line":4,"column":8},"end":{"line":4,"column":52}},"loc":{"start":{"line":4,"column":52},"end":{"line":15,"column":null}},"line":4},"1":{"name":"(anonymous_1)","decl":{"start":{"line":17,"column":8},"end":{"line":17,"column":20}},"loc":{"start":{"line":17,"column":59},"end":{"line":19,"column":null}},"line":17},"2":{"name":"(anonymous_2)","decl":{"start":{"line":21,"column":8},"end":{"line":21,"column":21}},"loc":{"start":{"line":21,"column":64},"end":{"line":32,"column":null}},"line":21},"3":{"name":"(anonymous_3)","decl":{"start":{"line":34,"column":8},"end":{"line":34,"column":23}},"loc":{"start":{"line":34,"column":54},"end":{"line":36,"column":null}},"line":34}},"branchMap":{"0":{"loc":{"start":{"line":24,"column":13},"end":{"line":24,"column":null}},"type":"binary-expr","locations":[{"start":{"line":24,"column":13},"end":{"line":24,"column":26}},{"start":{"line":24,"column":26},"end":{"line":24,"column":null}}],"line":24},"1":{"loc":{"start":{"line":25,"column":15},"end":{"line":25,"column":null}},"type":"binary-expr","locations":[{"start":{"line":25,"column":15},"end":{"line":25,"column":30}},{"start":{"line":25,"column":30},"end":{"line":25,"column":null}}],"line":25}},"s":{"0":0,"1":0,"2":0,"3":0,"4":0},"f":{"0":0,"1":0,"2":0,"3":0},"b":{"0":[0,0],"1":[0,0]},"meta":{"lastBranch":2,"lastFunction":4,"lastStatement":5,"seen":{"s:3:27:37:Infinity":0,"f:4:8:4:52":0,"s:5:4:14:Infinity":1,"f:17:8:17:20":1,"s:18:4:18:Infinity":2,"f:21:8:21:21":2,"s:22:4:31:Infinity":3,"b:24:13:24:26:24:26:24:Infinity":0,"b:25:15:25:30:25:30:25:Infinity":1,"f:34:8:34:23":3,"s:35:4:35:Infinity":4}}}
,"D:\\GithubProject\\AuroraDocs\\src\\services\\storage\\categoryService.ts": {"path":"D:\\GithubProject\\AuroraDocs\\src\\services\\storage\\categoryService.ts","statementMap":{"0":{"start":{"line":5,"column":2},"end":{"line":5,"column":null}},"1":{"start":{"line":9,"column":2},"end":{"line":9,"column":null}},"2":{"start":{"line":13,"column":2},"end":{"line":13,"column":null}},"3":{"start":{"line":16,"column":31},"end":{"line":69,"column":null}},"4":{"start":{"line":18,"column":4},"end":{"line":18,"column":null}},"5":{"start":{"line":22,"column":23},"end":{"line":22,"column":null}},"6":{"start":{"line":23,"column":4},"end":{"line":23,"column":null}},"7":{"start":{"line":23,"column":34},"end":{"line":23,"column":45}},"8":{"start":{"line":27,"column":23},"end":{"line":27,"column":null}},"9":{"start":{"line":28,"column":16},"end":{"line":28,"column":null}},"10":{"start":{"line":29,"column":34},"end":{"line":35,"column":null}},"11":{"start":{"line":36,"column":4},"end":{"line":36,"column":null}},"12":{"start":{"line":37,"column":4},"end":{"line":37,"column":null}},"13":{"start":{"line":38,"column":4},"end":{"line":38,"column":null}},"14":{"start":{"line":42,"column":23},"end":{"line":42,"column":null}},"15":{"start":{"line":43,"column":18},"end":{"line":43,"column":null}},"16":{"start":{"line":43,"column":46},"end":{"line":43,"column":57}},"17":{"start":{"line":44,"column":4},"end":{"line":44,"column":null}},"18":{"start":{"line":44,"column":22},"end":{"line":44,"column":null}},"19":{"start":{"line":46,"column":4},"end":{"line":50,"column":null}},"20":{"start":{"line":51,"column":4},"end":{"line":51,"column":null}},"21":{"start":{"line":52,"column":4},"end":{"line":52,"column":null}},"22":{"start":{"line":56,"column":23},"end":{"line":56,"column":null}},"23":{"start":{"line":57,"column":4},"end":{"line":57,"column":null}},"24":{"start":{"line":57,"column":36},"end":{"line":57,"column":85}},"25":{"start":{"line":61,"column":23},"end":{"line":61,"column":null}},"26":{"start":{"line":62,"column":18},"end":{"line":62,"column":null}},"27":{"start":{"line":62,"column":46},"end":{"line":62,"column":57}},"28":{"start":{"line":63,"column":4},"end":{"line":63,"column":null}},"29":{"start":{"line":63,"column":22},"end":{"line":63,"column":null}},"30":{"start":{"line":65,"column":4},"end":{"line":65,"column":null}},"31":{"start":{"line":66,"column":4},"end":{"line":66,"column":null}},"32":{"start":{"line":67,"column":4},"end":{"line":67,"column":null}}},"fnMap":{"0":{"name":"generateId","decl":{"start":{"line":4,"column":9},"end":{"line":4,"column":30}},"loc":{"start":{"line":4,"column":30},"end":{"line":6,"column":null}},"line":4},"1":{"name":"getCategories","decl":{"start":{"line":8,"column":9},"end":{"line":8,"column":37}},"loc":{"start":{"line":8,"column":37},"end":{"line":10,"column":null}},"line":8},"2":{"name":"saveCategories","decl":{"start":{"line":12,"column":9},"end":{"line":12,"column":24}},"loc":{"start":{"line":12,"column":54},"end":{"line":14,"column":null}},"line":12},"3":{"name":"(anonymous_3)","decl":{"start":{"line":17,"column":2},"end":{"line":17,"column":23}},"loc":{"start":{"line":17,"column":23},"end":{"line":19,"column":null}},"line":17},"4":{"name":"(anonymous_4)","decl":{"start":{"line":21,"column":2},"end":{"line":21,"column":10}},"loc":{"start":{"line":21,"column":39},"end":{"line":24,"column":null}},"line":21},"5":{"name":"(anonymous_5)","decl":{"start":{"line":23,"column":27},"end":{"line":23,"column":28}},"loc":{"start":{"line":23,"column":34},"end":{"line":23,"column":45}},"line":23},"6":{"name":"(anonymous_6)","decl":{"start":{"line":26,"column":2},"end":{"line":26,"column":9}},"loc":{"start":{"line":26,"column":60},"end":{"line":39,"column":null}},"line":26},"7":{"name":"(anonymous_7)","decl":{"start":{"line":41,"column":2},"end":{"line":41,"column":9}},"loc":{"start":{"line":41,"column":90},"end":{"line":53,"column":null}},"line":41},"8":{"name":"(anonymous_8)","decl":{"start":{"line":43,"column":39},"end":{"line":43,"column":40}},"loc":{"start":{"line":43,"column":46},"end":{"line":43,"column":57}},"line":43},"9":{"name":"(anonymous_9)","decl":{"start":{"line":55,"column":2},"end":{"line":55,"column":15}},"loc":{"start":{"line":55,"column":41},"end":{"line":58,"column":null}},"line":55},"10":{"name":"(anonymous_10)","decl":{"start":{"line":57,"column":29},"end":{"line":57,"column":30}},"loc":{"start":{"line":57,"column":36},"end":{"line":57,"column":85}},"line":57},"11":{"name":"(anonymous_11)","decl":{"start":{"line":60,"column":2},"end":{"line":60,"column":9}},"loc":{"start":{"line":60,"column":30},"end":{"line":68,"column":null}},"line":60},"12":{"name":"(anonymous_12)","decl":{"start":{"line":62,"column":39},"end":{"line":62,"column":40}},"loc":{"start":{"line":62,"column":46},"end":{"line":62,"column":57}},"line":62}},"branchMap":{"0":{"loc":{"start":{"line":9,"column":9},"end":{"line":9,"column":null}},"type":"binary-expr","locations":[{"start":{"line":9,"column":9},"end":{"line":9,"column":61}},{"start":{"line":9,"column":61},"end":{"line":9,"column":null}}],"line":9},"1":{"loc":{"start":{"line":23,"column":11},"end":{"line":23,"column":null}},"type":"binary-expr","locations":[{"start":{"line":23,"column":11},"end":{"line":23,"column":50}},{"start":{"line":23,"column":50},"end":{"line":23,"column":null}}],"line":23},"2":{"loc":{"start":{"line":26,"column":23},"end":{"line":26,"column":60}},"type":"default-arg","locations":[{"start":{"line":26,"column":39},"end":{"line":26,"column":60}}],"line":26},"3":{"loc":{"start":{"line":44,"column":4},"end":{"line":44,"column":null}},"type":"if","locations":[{"start":{"line":44,"column":4},"end":{"line":44,"column":null}},{"start":{},"end":{}}],"line":44},"4":{"loc":{"start":{"line":63,"column":4},"end":{"line":63,"column":null}},"type":"if","locations":[{"start":{"line":63,"column":4},"end":{"line":63,"column":null}},{"start":{},"end":{}}],"line":63}},"s":{"0":70,"1":81,"2":72,"3":1,"4":2,"5":3,"6":3,"7":1,"8":70,"9":70,"10":70,"11":70,"12":70,"13":70,"14":1,"15":1,"16":1,"17":1,"18":0,"19":1,"20":1,"21":1,"22":3,"23":3,"24":5,"25":2,"26":2,"27":1,"28":2,"29":1,"30":1,"31":1,"32":1},"f":{"0":70,"1":81,"2":72,"3":2,"4":3,"5":1,"6":70,"7":1,"8":1,"9":3,"10":5,"11":2,"12":1},"b":{"0":[81,16],"1":[3,2],"2":[70],"3":[0,1],"4":[1,1]},"meta":{"lastBranch":5,"lastFunction":13,"lastStatement":33,"seen":{"f:4:9:4:30":0,"s:5:2:5:Infinity":0,"f:8:9:8:37":1,"s:9:2:9:Infinity":1,"b:9:9:9:61:9:61:9:Infinity":0,"f:12:9:12:24":2,"s:13:2:13:Infinity":2,"s:16:31:69:Infinity":3,"f:17:2:17:23":3,"s:18:4:18:Infinity":4,"f:21:2:21:10":4,"s:22:23:22:Infinity":5,"s:23:4:23:Infinity":6,"b:23:11:23:50:23:50:23:Infinity":1,"f:23:27:23:28":5,"s:23:34:23:45":7,"f:26:2:26:9":6,"b:26:39:26:60":2,"s:27:23:27:Infinity":8,"s:28:16:28:Infinity":9,"s:29:34:35:Infinity":10,"s:36:4:36:Infinity":11,"s:37:4:37:Infinity":12,"s:38:4:38:Infinity":13,"f:41:2:41:9":7,"s:42:23:42:Infinity":14,"s:43:18:43:Infinity":15,"f:43:39:43:40":8,"s:43:46:43:57":16,"b:44:4:44:Infinity:undefined:undefined:undefined:undefined":3,"s:44:4:44:Infinity":17,"s:44:22:44:Infinity":18,"s:46:4:50:Infinity":19,"s:51:4:51:Infinity":20,"s:52:4:52:Infinity":21,"f:55:2:55:15":9,"s:56:23:56:Infinity":22,"s:57:4:57:Infinity":23,"f:57:29:57:30":10,"s:57:36:57:85":24,"f:60:2:60:9":11,"s:61:23:61:Infinity":25,"s:62:18:62:Infinity":26,"f:62:39:62:40":12,"s:62:46:62:57":27,"b:63:4:63:Infinity:undefined:undefined:undefined:undefined":4,"s:63:4:63:Infinity":28,"s:63:22:63:Infinity":29,"s:65:4:65:Infinity":30,"s:66:4:66:Infinity":31,"s:67:4:67:Infinity":32}}}
,"D:\\GithubProject\\AuroraDocs\\src\\services\\storage\\documentService.ts": {"path":"D:\\GithubProject\\AuroraDocs\\src\\services\\storage\\documentService.ts","statementMap":{"0":{"start":{"line":5,"column":2},"end":{"line":5,"column":null}},"1":{"start":{"line":9,"column":2},"end":{"line":9,"column":null}},"2":{"start":{"line":13,"column":2},"end":{"line":13,"column":null}},"3":{"start":{"line":16,"column":31},"end":{"line":132,"column":null}},"4":{"start":{"line":18,"column":17},"end":{"line":18,"column":null}},"5":{"start":{"line":19,"column":4},"end":{"line":26,"column":null}},"6":{"start":{"line":19,"column":30},"end":{"line":26,"column":6}},"7":{"start":{"line":30,"column":17},"end":{"line":30,"column":null}},"8":{"start":{"line":31,"column":16},"end":{"line":31,"column":null}},"9":{"start":{"line":31,"column":35},"end":{"line":31,"column":48}},"10":{"start":{"line":32,"column":4},"end":{"line":34,"column":null}},"11":{"start":{"line":33,"column":6},"end":{"line":33,"column":null}},"12":{"start":{"line":35,"column":4},"end":{"line":35,"column":null}},"13":{"start":{"line":39,"column":17},"end":{"line":39,"column":null}},"14":{"start":{"line":40,"column":16},"end":{"line":40,"column":null}},"15":{"start":{"line":41,"column":29},"end":{"line":50,"column":null}},"16":{"start":{"line":51,"column":4},"end":{"line":51,"column":null}},"17":{"start":{"line":52,"column":4},"end":{"line":52,"column":null}},"18":{"start":{"line":53,"column":4},"end":{"line":53,"column":null}},"19":{"start":{"line":57,"column":17},"end":{"line":57,"column":null}},"20":{"start":{"line":58,"column":18},"end":{"line":58,"column":null}},"21":{"start":{"line":58,"column":42},"end":{"line":58,"column":55}},"22":{"start":{"line":59,"column":4},"end":{"line":59,"column":null}},"23":{"start":{"line":59,"column":22},"end":{"line":59,"column":null}},"24":{"start":{"line":61,"column":4},"end":{"line":66,"column":null}},"25":{"start":{"line":67,"column":4},"end":{"line":67,"column":null}},"26":{"start":{"line":68,"column":4},"end":{"line":68,"column":null}},"27":{"start":{"line":72,"column":17},"end":{"line":72,"column":null}},"28":{"start":{"line":73,"column":18},"end":{"line":73,"column":null}},"29":{"start":{"line":73,"column":42},"end":{"line":73,"column":55}},"30":{"start":{"line":74,"column":4},"end":{"line":74,"column":null}},"31":{"start":{"line":74,"column":22},"end":{"line":74,"column":null}},"32":{"start":{"line":76,"column":4},"end":{"line":76,"column":null}},"33":{"start":{"line":77,"column":4},"end":{"line":77,"column":null}},"34":{"start":{"line":78,"column":4},"end":{"line":78,"column":null}},"35":{"start":{"line":82,"column":16},"end":{"line":82,"column":null}},"36":{"start":{"line":83,"column":4},"end":{"line":83,"column":null}},"37":{"start":{"line":83,"column":14},"end":{"line":83,"column":null}},"38":{"start":{"line":84,"column":4},"end":{"line":84,"column":null}},"39":{"start":{"line":88,"column":17},"end":{"line":88,"column":null}},"40":{"start":{"line":89,"column":4},"end":{"line":98,"column":null}},"41":{"start":{"line":90,"column":23},"end":{"line":90,"column":52}},"42":{"start":{"line":91,"column":21},"end":{"line":98,"column":8}},"43":{"start":{"line":102,"column":17},"end":{"line":102,"column":null}},"44":{"start":{"line":103,"column":4},"end":{"line":112,"column":null}},"45":{"start":{"line":104,"column":15},"end":{"line":104,"column":55}},"46":{"start":{"line":105,"column":21},"end":{"line":112,"column":8}},"47":{"start":{"line":116,"column":25},"end":{"line":116,"column":null}},"48":{"start":{"line":117,"column":17},"end":{"line":117,"column":null}},"49":{"start":{"line":118,"column":4},"end":{"line":130,"column":null}},"50":{"start":{"line":120,"column":8},"end":{"line":121,"column":null}},"51":{"start":{"line":123,"column":21},"end":{"line":130,"column":8}}},"fnMap":{"0":{"name":"generateId","decl":{"start":{"line":4,"column":9},"end":{"line":4,"column":30}},"loc":{"start":{"line":4,"column":30},"end":{"line":6,"column":null}},"line":4},"1":{"name":"getDocuments","decl":{"start":{"line":8,"column":9},"end":{"line":8,"column":36}},"loc":{"start":{"line":8,"column":36},"end":{"line":10,"column":null}},"line":8},"2":{"name":"saveDocuments","decl":{"start":{"line":12,"column":9},"end":{"line":12,"column":23}},"loc":{"start":{"line":12,"column":52},"end":{"line":14,"column":null}},"line":12},"3":{"name":"(anonymous_3)","decl":{"start":{"line":17,"column":2},"end":{"line":17,"column":31}},"loc":{"start":{"line":17,"column":31},"end":{"line":27,"column":null}},"line":17},"4":{"name":"(anonymous_4)","decl":{"start":{"line":19,"column":20},"end":{"line":19,"column":21}},"loc":{"start":{"line":19,"column":30},"end":{"line":26,"column":6}},"line":19},"5":{"name":"(anonymous_5)","decl":{"start":{"line":29,"column":2},"end":{"line":29,"column":10}},"loc":{"start":{"line":29,"column":39},"end":{"line":36,"column":null}},"line":29},"6":{"name":"(anonymous_6)","decl":{"start":{"line":31,"column":26},"end":{"line":31,"column":27}},"loc":{"start":{"line":31,"column":35},"end":{"line":31,"column":48}},"line":31},"7":{"name":"(anonymous_7)","decl":{"start":{"line":38,"column":2},"end":{"line":38,"column":9}},"loc":{"start":{"line":38,"column":111},"end":{"line":54,"column":null}},"line":38},"8":{"name":"(anonymous_8)","decl":{"start":{"line":56,"column":2},"end":{"line":56,"column":9}},"loc":{"start":{"line":56,"column":117},"end":{"line":69,"column":null}},"line":56},"9":{"name":"(anonymous_9)","decl":{"start":{"line":58,"column":33},"end":{"line":58,"column":34}},"loc":{"start":{"line":58,"column":42},"end":{"line":58,"column":55}},"line":58},"10":{"name":"(anonymous_10)","decl":{"start":{"line":71,"column":2},"end":{"line":71,"column":9}},"loc":{"start":{"line":71,"column":30},"end":{"line":79,"column":null}},"line":71},"11":{"name":"(anonymous_11)","decl":{"start":{"line":73,"column":33},"end":{"line":73,"column":34}},"loc":{"start":{"line":73,"column":42},"end":{"line":73,"column":55}},"line":73},"12":{"name":"(anonymous_12)","decl":{"start":{"line":81,"column":2},"end":{"line":81,"column":8}},"loc":{"start":{"line":81,"column":35},"end":{"line":85,"column":null}},"line":81},"13":{"name":"(anonymous_13)","decl":{"start":{"line":87,"column":2},"end":{"line":87,"column":16}},"loc":{"start":{"line":87,"column":56},"end":{"line":99,"column":null}},"line":87},"14":{"name":"(anonymous_14)","decl":{"start":{"line":90,"column":14},"end":{"line":90,"column":15}},"loc":{"start":{"line":90,"column":23},"end":{"line":90,"column":52}},"line":90},"15":{"name":"(anonymous_15)","decl":{"start":{"line":91,"column":11},"end":{"line":91,"column":12}},"loc":{"start":{"line":91,"column":21},"end":{"line":98,"column":8}},"line":91},"16":{"name":"(anonymous_16)","decl":{"start":{"line":101,"column":2},"end":{"line":101,"column":11}},"loc":{"start":{"line":101,"column":46},"end":{"line":113,"column":null}},"line":101},"17":{"name":"(anonymous_17)","decl":{"start":{"line":104,"column":14},"end":{"line":104,"column":15}},"loc":{"start":{"line":104,"column":15},"end":{"line":104,"column":55}},"line":104},"18":{"name":"(anonymous_18)","decl":{"start":{"line":105,"column":11},"end":{"line":105,"column":12}},"loc":{"start":{"line":105,"column":21},"end":{"line":112,"column":8}},"line":105},"19":{"name":"(anonymous_19)","decl":{"start":{"line":115,"column":2},"end":{"line":115,"column":9}},"loc":{"start":{"line":115,"column":46},"end":{"line":131,"column":null}},"line":115},"20":{"name":"(anonymous_20)","decl":{"start":{"line":119,"column":14},"end":{"line":119,"column":15}},"loc":{"start":{"line":120,"column":8},"end":{"line":121,"column":null}},"line":120},"21":{"name":"(anonymous_21)","decl":{"start":{"line":123,"column":11},"end":{"line":123,"column":12}},"loc":{"start":{"line":123,"column":21},"end":{"line":130,"column":8}},"line":123}},"branchMap":{"0":{"loc":{"start":{"line":9,"column":9},"end":{"line":9,"column":null}},"type":"binary-expr","locations":[{"start":{"line":9,"column":9},"end":{"line":9,"column":60}},{"start":{"line":9,"column":60},"end":{"line":9,"column":null}}],"line":9},"1":{"loc":{"start":{"line":22,"column":18},"end":{"line":22,"column":null}},"type":"binary-expr","locations":[{"start":{"line":22,"column":18},"end":{"line":22,"column":36}},{"start":{"line":22,"column":36},"end":{"line":22,"column":null}}],"line":22},"2":{"loc":{"start":{"line":23,"column":12},"end":{"line":23,"column":null}},"type":"binary-expr","locations":[{"start":{"line":23,"column":12},"end":{"line":23,"column":24}},{"start":{"line":23,"column":24},"end":{"line":23,"column":null}}],"line":23},"3":{"loc":{"start":{"line":31,"column":16},"end":{"line":31,"column":null}},"type":"binary-expr","locations":[{"start":{"line":31,"column":16},"end":{"line":31,"column":53}},{"start":{"line":31,"column":53},"end":{"line":31,"column":null}}],"line":31},"4":{"loc":{"start":{"line":32,"column":4},"end":{"line":34,"column":null}},"type":"if","locations":[{"start":{"line":32,"column":4},"end":{"line":34,"column":null}},{"start":{},"end":{}}],"line":32},"5":{"loc":{"start":{"line":32,"column":8},"end":{"line":32,"column":26}},"type":"binary-expr","locations":[{"start":{"line":32,"column":8},"end":{"line":32,"column":15}},{"start":{"line":32,"column":15},"end":{"line":32,"column":26}}],"line":32},"6":{"loc":{"start":{"line":38,"column":24},"end":{"line":38,"column":46}},"type":"default-arg","locations":[{"start":{"line":38,"column":42},"end":{"line":38,"column":46}}],"line":38},"7":{"loc":{"start":{"line":38,"column":46},"end":{"line":38,"column":80}},"type":"default-arg","locations":[{"start":{"line":38,"column":74},"end":{"line":38,"column":80}}],"line":38},"8":{"loc":{"start":{"line":38,"column":80},"end":{"line":38,"column":111}},"type":"default-arg","locations":[{"start":{"line":38,"column":97},"end":{"line":38,"column":111}}],"line":38},"9":{"loc":{"start":{"line":59,"column":4},"end":{"line":59,"column":null}},"type":"if","locations":[{"start":{"line":59,"column":4},"end":{"line":59,"column":null}},{"start":{},"end":{}}],"line":59},"10":{"loc":{"start":{"line":63,"column":12},"end":{"line":63,"column":null}},"type":"binary-expr","locations":[{"start":{"line":63,"column":12},"end":{"line":63,"column":32}},{"start":{"line":63,"column":32},"end":{"line":63,"column":null}}],"line":63},"11":{"loc":{"start":{"line":74,"column":4},"end":{"line":74,"column":null}},"type":"if","locations":[{"start":{"line":74,"column":4},"end":{"line":74,"column":null}},{"start":{},"end":{}}],"line":74},"12":{"loc":{"start":{"line":83,"column":4},"end":{"line":83,"column":null}},"type":"if","locations":[{"start":{"line":83,"column":4},"end":{"line":83,"column":null}},{"start":{},"end":{}}],"line":83},"13":{"loc":{"start":{"line":94,"column":20},"end":{"line":94,"column":null}},"type":"binary-expr","locations":[{"start":{"line":94,"column":20},"end":{"line":94,"column":38}},{"start":{"line":94,"column":38},"end":{"line":94,"column":null}}],"line":94},"14":{"loc":{"start":{"line":95,"column":14},"end":{"line":95,"column":null}},"type":"binary-expr","locations":[{"start":{"line":95,"column":14},"end":{"line":95,"column":26}},{"start":{"line":95,"column":26},"end":{"line":95,"column":null}}],"line":95},"15":{"loc":{"start":{"line":104,"column":24},"end":{"line":104,"column":40}},"type":"binary-expr","locations":[{"start":{"line":104,"column":24},"end":{"line":104,"column":36}},{"start":{"line":104,"column":36},"end":{"line":104,"column":40}}],"line":104},"16":{"loc":{"start":{"line":108,"column":20},"end":{"line":108,"column":null}},"type":"binary-expr","locations":[{"start":{"line":108,"column":20},"end":{"line":108,"column":38}},{"start":{"line":108,"column":38},"end":{"line":108,"column":null}}],"line":108},"17":{"loc":{"start":{"line":109,"column":14},"end":{"line":109,"column":null}},"type":"binary-expr","locations":[{"start":{"line":109,"column":14},"end":{"line":109,"column":26}},{"start":{"line":109,"column":26},"end":{"line":109,"column":null}}],"line":109},"18":{"loc":{"start":{"line":120,"column":8},"end":{"line":121,"column":null}},"type":"binary-expr","locations":[{"start":{"line":120,"column":8},"end":{"line":120,"column":null}},{"start":{"line":121,"column":8},"end":{"line":121,"column":null}}],"line":120},"19":{"loc":{"start":{"line":126,"column":20},"end":{"line":126,"column":null}},"type":"binary-expr","locations":[{"start":{"line":126,"column":20},"end":{"line":126,"column":38}},{"start":{"line":126,"column":38},"end":{"line":126,"column":null}}],"line":126},"20":{"loc":{"start":{"line":127,"column":14},"end":{"line":127,"column":null}},"type":"binary-expr","locations":[{"start":{"line":127,"column":14},"end":{"line":127,"column":26}},{"start":{"line":127,"column":26},"end":{"line":127,"column":null}}],"line":127}},"s":{"0":129,"1":148,"2":131,"3":1,"4":2,"5":2,"6":102,"7":8,"8":8,"9":5,"10":8,"11":1,"12":8,"13":129,"14":129,"15":129,"16":129,"17":129,"18":129,"19":1,"20":1,"21":1,"22":1,"23":0,"24":1,"25":1,"26":1,"27":2,"28":2,"29":1,"30":2,"31":1,"32":1,"33":1,"34":1,"35":2,"36":2,"37":1,"38":1,"39":1,"40":1,"41":3,"42":2,"43":1,"44":1,"45":3,"46":2,"47":4,"48":4,"49":4,"50":8,"51":5},"f":{"0":129,"1":148,"2":131,"3":2,"4":102,"5":8,"6":5,"7":129,"8":1,"9":1,"10":2,"11":1,"12":2,"13":1,"14":3,"15":2,"16":1,"17":3,"18":2,"19":4,"20":8,"21":5},"b":{"0":[148,24],"1":[102,102],"2":[102,0],"3":[8,3],"4":[1,7],"5":[8,5],"6":[129],"7":[129],"8":[129],"9":[0,1],"10":[1,0],"11":[1,1],"12":[1,1],"13":[2,0],"14":[2,0],"15":[3,0],"16":[2,2],"17":[2,0],"18":[8,5],"19":[5,5],"20":[5,0]},"meta":{"lastBranch":21,"lastFunction":22,"lastStatement":52,"seen":{"f:4:9:4:30":0,"s:5:2:5:Infinity":0,"f:8:9:8:36":1,"s:9:2:9:Infinity":1,"b:9:9:9:60:9:60:9:Infinity":0,"f:12:9:12:23":2,"s:13:2:13:Infinity":2,"s:16:31:132:Infinity":3,"f:17:2:17:31":3,"s:18:17:18:Infinity":4,"s:19:4:26:Infinity":5,"f:19:20:19:21":4,"s:19:30:26:6":6,"b:22:18:22:36:22:36:22:Infinity":1,"b:23:12:23:24:23:24:23:Infinity":2,"f:29:2:29:10":5,"s:30:17:30:Infinity":7,"s:31:16:31:Infinity":8,"b:31:16:31:53:31:53:31:Infinity":3,"f:31:26:31:27":6,"s:31:35:31:48":9,"b:32:4:34:Infinity:undefined:undefined:undefined:undefined":4,"s:32:4:34:Infinity":10,"b:32:8:32:15:32:15:32:26":5,"s:33:6:33:Infinity":11,"s:35:4:35:Infinity":12,"f:38:2:38:9":7,"b:38:42:38:46":6,"b:38:74:38:80":7,"b:38:97:38:111":8,"s:39:17:39:Infinity":13,"s:40:16:40:Infinity":14,"s:41:29:50:Infinity":15,"s:51:4:51:Infinity":16,"s:52:4:52:Infinity":17,"s:53:4:53:Infinity":18,"f:56:2:56:9":8,"s:57:17:57:Infinity":19,"s:58:18:58:Infinity":20,"f:58:33:58:34":9,"s:58:42:58:55":21,"b:59:4:59:Infinity:undefined:undefined:undefined:undefined":9,"s:59:4:59:Infinity":22,"s:59:22:59:Infinity":23,"s:61:4:66:Infinity":24,"b:63:12:63:32:63:32:63:Infinity":10,"s:67:4:67:Infinity":25,"s:68:4:68:Infinity":26,"f:71:2:71:9":10,"s:72:17:72:Infinity":27,"s:73:18:73:Infinity":28,"f:73:33:73:34":11,"s:73:42:73:55":29,"b:74:4:74:Infinity:undefined:undefined:undefined:undefined":11,"s:74:4:74:Infinity":30,"s:74:22:74:Infinity":31,"s:76:4:76:Infinity":32,"s:77:4:77:Infinity":33,"s:78:4:78:Infinity":34,"f:81:2:81:8":12,"s:82:16:82:Infinity":35,"b:83:4:83:Infinity:undefined:undefined:undefined:undefined":12,"s:83:4:83:Infinity":36,"s:83:14:83:Infinity":37,"s:84:4:84:Infinity":38,"f:87:2:87:16":13,"s:88:17:88:Infinity":39,"s:89:4:98:Infinity":40,"f:90:14:90:15":14,"s:90:23:90:52":41,"f:91:11:91:12":15,"s:91:21:98:8":42,"b:94:20:94:38:94:38:94:Infinity":13,"b:95:14:95:26:95:26:95:Infinity":14,"f:101:2:101:11":16,"s:102:17:102:Infinity":43,"s:103:4:112:Infinity":44,"f:104:14:104:15":17,"s:104:15:104:55":45,"b:104:24:104:36:104:36:104:40":15,"f:105:11:105:12":18,"s:105:21:112:8":46,"b:108:20:108:38:108:38:108:Infinity":16,"b:109:14:109:26:109:26:109:Infinity":17,"f:115:2:115:9":19,"s:116:25:116:Infinity":47,"s:117:17:117:Infinity":48,"s:118:4:130:Infinity":49,"f:119:14:119:15":20,"s:120:8:121:Infinity":50,"b:120:8:120:Infinity:121:8:121:Infinity":18,"f:123:11:123:12":21,"s:123:21:130:8":51,"b:126:20:126:38:126:38:126:Infinity":19,"b:127:14:127:26:127:26:127:Infinity":20}}}
,"D:\\GithubProject\\AuroraDocs\\src\\services\\storage\\documentVersionService.ts": {"path":"D:\\GithubProject\\AuroraDocs\\src\\services\\storage\\documentVersionService.ts","statementMap":{"0":{"start":{"line":21,"column":38},"end":{"line":236,"column":null}},"1":{"start":{"line":23,"column":16},"end":{"line":23,"column":null}},"2":{"start":{"line":24,"column":17},"end":{"line":24,"column":null}},"3":{"start":{"line":25,"column":4},"end":{"line":25,"column":null}},"4":{"start":{"line":25,"column":15},"end":{"line":25,"column":null}},"5":{"start":{"line":26,"column":40},"end":{"line":26,"column":null}},"6":{"start":{"line":27,"column":4},"end":{"line":38,"column":null}},"7":{"start":{"line":27,"column":32},"end":{"line":38,"column":6}},"8":{"start":{"line":42,"column":21},"end":{"line":42,"column":null}},"9":{"start":{"line":43,"column":24},"end":{"line":43,"column":null}},"10":{"start":{"line":45,"column":20},"end":{"line":45,"column":null}},"11":{"start":{"line":47,"column":4},"end":{"line":49,"column":null}},"12":{"start":{"line":48,"column":6},"end":{"line":48,"column":null}},"13":{"start":{"line":51,"column":26},"end":{"line":51,"column":null}},"14":{"start":{"line":52,"column":24},"end":{"line":52,"column":null}},"15":{"start":{"line":54,"column":37},"end":{"line":64,"column":null}},"16":{"start":{"line":66,"column":4},"end":{"line":66,"column":null}},"17":{"start":{"line":68,"column":24},"end":{"line":68,"column":null}},"18":{"start":{"line":69,"column":28},"end":{"line":69,"column":null}},"19":{"start":{"line":71,"column":16},"end":{"line":71,"column":null}},"20":{"start":{"line":72,"column":4},"end":{"line":72,"column":null}},"21":{"start":{"line":74,"column":4},"end":{"line":74,"column":null}},"22":{"start":{"line":78,"column":4},"end":{"line":85,"column":null}},"23":{"start":{"line":79,"column":6},"end":{"line":84,"column":null}},"24":{"start":{"line":87,"column":25},"end":{"line":87,"column":null}},"25":{"start":{"line":88,"column":27},"end":{"line":88,"column":null}},"26":{"start":{"line":90,"column":21},"end":{"line":90,"column":null}},"27":{"start":{"line":91,"column":23},"end":{"line":91,"column":null}},"28":{"start":{"line":93,"column":4},"end":{"line":103,"column":null}},"29":{"start":{"line":94,"column":24},"end":{"line":94,"column":null}},"30":{"start":{"line":95,"column":24},"end":{"line":95,"column":null}},"31":{"start":{"line":96,"column":19},"end":{"line":96,"column":null}},"32":{"start":{"line":98,"column":6},"end":{"line":102,"column":null}},"33":{"start":{"line":99,"column":8},"end":{"line":99,"column":null}},"34":{"start":{"line":101,"column":8},"end":{"line":101,"column":null}},"35":{"start":{"line":105,"column":4},"end":{"line":110,"column":null}},"36":{"start":{"line":114,"column":4},"end":{"line":116,"column":null}},"37":{"start":{"line":115,"column":6},"end":{"line":115,"column":null}},"38":{"start":{"line":118,"column":4},"end":{"line":120,"column":null}},"39":{"start":{"line":119,"column":6},"end":{"line":119,"column":null}},"40":{"start":{"line":122,"column":28},"end":{"line":122,"column":null}},"41":{"start":{"line":124,"column":4},"end":{"line":126,"column":null}},"42":{"start":{"line":125,"column":6},"end":{"line":125,"column":null}},"43":{"start":{"line":128,"column":4},"end":{"line":138,"column":null}},"44":{"start":{"line":129,"column":6},"end":{"line":137,"column":null}},"45":{"start":{"line":130,"column":8},"end":{"line":130,"column":null}},"46":{"start":{"line":131,"column":6},"end":{"line":137,"column":null}},"47":{"start":{"line":132,"column":8},"end":{"line":132,"column":null}},"48":{"start":{"line":133,"column":6},"end":{"line":137,"column":null}},"49":{"start":{"line":134,"column":8},"end":{"line":134,"column":null}},"50":{"start":{"line":136,"column":8},"end":{"line":136,"column":null}},"51":{"start":{"line":140,"column":4},"end":{"line":140,"column":null}},"52":{"start":{"line":144,"column":4},"end":{"line":144,"column":null}},"53":{"start":{"line":148,"column":21},"end":{"line":148,"column":null}},"54":{"start":{"line":149,"column":4},"end":{"line":149,"column":null}},"55":{"start":{"line":149,"column":32},"end":{"line":149,"column":50}},"56":{"start":{"line":153,"column":21},"end":{"line":153,"column":null}},"57":{"start":{"line":154,"column":4},"end":{"line":154,"column":null}},"58":{"start":{"line":154,"column":32},"end":{"line":154,"column":65}},"59":{"start":{"line":158,"column":21},"end":{"line":158,"column":null}},"60":{"start":{"line":159,"column":18},"end":{"line":159,"column":null}},"61":{"start":{"line":159,"column":44},"end":{"line":159,"column":62}},"62":{"start":{"line":160,"column":4},"end":{"line":160,"column":null}},"63":{"start":{"line":160,"column":22},"end":{"line":160,"column":null}},"64":{"start":{"line":162,"column":4},"end":{"line":162,"column":null}},"65":{"start":{"line":163,"column":16},"end":{"line":163,"column":null}},"66":{"start":{"line":164,"column":4},"end":{"line":164,"column":null}},"67":{"start":{"line":165,"column":4},"end":{"line":165,"column":null}},"68":{"start":{"line":169,"column":16},"end":{"line":169,"column":null}},"69":{"start":{"line":170,"column":4},"end":{"line":170,"column":null}},"70":{"start":{"line":174,"column":4},"end":{"line":174,"column":null}},"71":{"start":{"line":178,"column":17},"end":{"line":178,"column":null}},"72":{"start":{"line":179,"column":4},"end":{"line":179,"column":null}},"73":{"start":{"line":180,"column":4},"end":{"line":180,"column":null}},"74":{"start":{"line":184,"column":20},"end":{"line":184,"column":null}},"75":{"start":{"line":185,"column":20},"end":{"line":185,"column":null}},"76":{"start":{"line":187,"column":21},"end":{"line":187,"column":null}},"77":{"start":{"line":188,"column":21},"end":{"line":188,"column":null}},"78":{"start":{"line":189,"column":29},"end":{"line":189,"column":null}},"79":{"start":{"line":190,"column":18},"end":{"line":190,"column":null}},"80":{"start":{"line":191,"column":21},"end":{"line":191,"column":null}},"81":{"start":{"line":193,"column":4},"end":{"line":207,"column":null}},"82":{"start":{"line":193,"column":17},"end":{"line":193,"column":20}},"83":{"start":{"line":194,"column":22},"end":{"line":194,"column":null}},"84":{"start":{"line":195,"column":22},"end":{"line":195,"column":null}},"85":{"start":{"line":197,"column":6},"end":{"line":205,"column":null}},"86":{"start":{"line":198,"column":8},"end":{"line":198,"column":null}},"87":{"start":{"line":199,"column":8},"end":{"line":201,"column":null}},"88":{"start":{"line":200,"column":10},"end":{"line":200,"column":null}},"89":{"start":{"line":202,"column":8},"end":{"line":204,"column":null}},"90":{"start":{"line":203,"column":10},"end":{"line":203,"column":null}},"91":{"start":{"line":206,"column":6},"end":{"line":206,"column":null}},"92":{"start":{"line":209,"column":4},"end":{"line":211,"column":null}},"93":{"start":{"line":210,"column":6},"end":{"line":210,"column":null}},"94":{"start":{"line":213,"column":4},"end":{"line":213,"column":null}},"95":{"start":{"line":217,"column":21},"end":{"line":217,"column":null}},"96":{"start":{"line":218,"column":25},"end":{"line":218,"column":null}},"97":{"start":{"line":218,"column":51},"end":{"line":218,"column":69}},"98":{"start":{"line":219,"column":4},"end":{"line":219,"column":null}},"99":{"start":{"line":219,"column":29},"end":{"line":219,"column":null}},"100":{"start":{"line":221,"column":27},"end":{"line":221,"column":null}},"101":{"start":{"line":222,"column":28},"end":{"line":222,"column":null}},"102":{"start":{"line":224,"column":4},"end":{"line":229,"column":null}},"103":{"start":{"line":225,"column":6},"end":{"line":228,"column":null}},"104":{"start":{"line":231,"column":18},"end":{"line":231,"column":null}},"105":{"start":{"line":232,"column":22},"end":{"line":232,"column":null}},"106":{"start":{"line":234,"column":4},"end":{"line":234,"column":null}}},"fnMap":{"0":{"name":"(anonymous_0)","decl":{"start":{"line":22,"column":2},"end":{"line":22,"column":14}},"loc":{"start":{"line":22,"column":53},"end":{"line":39,"column":null}},"line":22},"1":{"name":"(anonymous_1)","decl":{"start":{"line":27,"column":24},"end":{"line":27,"column":25}},"loc":{"start":{"line":27,"column":32},"end":{"line":38,"column":6}},"line":27},"2":{"name":"(anonymous_2)","decl":{"start":{"line":41,"column":2},"end":{"line":41,"column":16}},"loc":{"start":{"line":41,"column":78},"end":{"line":75,"column":null}},"line":41},"3":{"name":"(anonymous_3)","decl":{"start":{"line":77,"column":2},"end":{"line":77,"column":19}},"loc":{"start":{"line":77,"column":107},"end":{"line":111,"column":null}},"line":77},"4":{"name":"(anonymous_4)","decl":{"start":{"line":113,"column":2},"end":{"line":113,"column":22}},"loc":{"start":{"line":113,"column":109},"end":{"line":141,"column":null}},"line":113},"5":{"name":"(anonymous_5)","decl":{"start":{"line":143,"column":2},"end":{"line":143,"column":26}},"loc":{"start":{"line":143,"column":26},"end":{"line":145,"column":null}},"line":143},"6":{"name":"(anonymous_6)","decl":{"start":{"line":147,"column":2},"end":{"line":147,"column":13}},"loc":{"start":{"line":147,"column":76},"end":{"line":150,"column":null}},"line":147},"7":{"name":"(anonymous_7)","decl":{"start":{"line":149,"column":25},"end":{"line":149,"column":26}},"loc":{"start":{"line":149,"column":32},"end":{"line":149,"column":50}},"line":149},"8":{"name":"(anonymous_8)","decl":{"start":{"line":152,"column":2},"end":{"line":152,"column":21}},"loc":{"start":{"line":152,"column":88},"end":{"line":155,"column":null}},"line":152},"9":{"name":"(anonymous_9)","decl":{"start":{"line":154,"column":25},"end":{"line":154,"column":26}},"loc":{"start":{"line":154,"column":32},"end":{"line":154,"column":65}},"line":154},"10":{"name":"(anonymous_10)","decl":{"start":{"line":157,"column":2},"end":{"line":157,"column":16}},"loc":{"start":{"line":157,"column":64},"end":{"line":166,"column":null}},"line":157},"11":{"name":"(anonymous_11)","decl":{"start":{"line":159,"column":37},"end":{"line":159,"column":38}},"loc":{"start":{"line":159,"column":44},"end":{"line":159,"column":62}},"line":159},"12":{"name":"(anonymous_12)","decl":{"start":{"line":168,"column":2},"end":{"line":168,"column":16}},"loc":{"start":{"line":168,"column":42},"end":{"line":171,"column":null}},"line":168},"13":{"name":"(anonymous_13)","decl":{"start":{"line":173,"column":2},"end":{"line":173,"column":18}},"loc":{"start":{"line":173,"column":46},"end":{"line":175,"column":null}},"line":173},"14":{"name":"(anonymous_14)","decl":{"start":{"line":177,"column":2},"end":{"line":177,"column":12}},"loc":{"start":{"line":177,"column":34},"end":{"line":181,"column":null}},"line":177},"15":{"name":"(anonymous_15)","decl":{"start":{"line":183,"column":2},"end":{"line":183,"column":14}},"loc":{"start":{"line":183,"column":64},"end":{"line":214,"column":null}},"line":183},"16":{"name":"(anonymous_16)","decl":{"start":{"line":216,"column":2},"end":{"line":216,"column":22}},"loc":{"start":{"line":216,"column":109},"end":{"line":235,"column":null}},"line":216},"17":{"name":"(anonymous_17)","decl":{"start":{"line":218,"column":44},"end":{"line":218,"column":45}},"loc":{"start":{"line":218,"column":51},"end":{"line":218,"column":69}},"line":218}},"branchMap":{"0":{"loc":{"start":{"line":25,"column":4},"end":{"line":25,"column":null}},"type":"if","locations":[{"start":{"line":25,"column":4},"end":{"line":25,"column":null}},{"start":{},"end":{}}],"line":25},"1":{"loc":{"start":{"line":30,"column":14},"end":{"line":30,"column":null}},"type":"binary-expr","locations":[{"start":{"line":30,"column":14},"end":{"line":30,"column":26}},{"start":{"line":30,"column":26},"end":{"line":30,"column":null}}],"line":30},"2":{"loc":{"start":{"line":31,"column":19},"end":{"line":31,"column":null}},"type":"binary-expr","locations":[{"start":{"line":31,"column":19},"end":{"line":31,"column":36}},{"start":{"line":31,"column":36},"end":{"line":31,"column":null}}],"line":31},"3":{"loc":{"start":{"line":32,"column":15},"end":{"line":37,"column":null}},"type":"binary-expr","locations":[{"start":{"line":32,"column":15},"end":{"line":32,"column":28}},{"start":{"line":32,"column":28},"end":{"line":37,"column":null}}],"line":32},"4":{"loc":{"start":{"line":47,"column":4},"end":{"line":49,"column":null}},"type":"if","locations":[{"start":{"line":47,"column":4},"end":{"line":49,"column":null}},{"start":{},"end":{}}],"line":47},"5":{"loc":{"start":{"line":47,"column":8},"end":{"line":47,"column":58}},"type":"binary-expr","locations":[{"start":{"line":47,"column":8},"end":{"line":47,"column":33}},{"start":{"line":47,"column":33},"end":{"line":47,"column":58}}],"line":47},"6":{"loc":{"start":{"line":51,"column":26},"end":{"line":51,"column":null}},"type":"cond-expr","locations":[{"start":{"line":51,"column":48},"end":{"line":51,"column":80}},{"start":{"line":51,"column":80},"end":{"line":51,"column":null}}],"line":51},"7":{"loc":{"start":{"line":52,"column":24},"end":{"line":52,"column":null}},"type":"binary-expr","locations":[{"start":{"line":52,"column":24},"end":{"line":52,"column":35}},{"start":{"line":52,"column":35},"end":{"line":52,"column":null}}],"line":52},"8":{"loc":{"start":{"line":78,"column":4},"end":{"line":85,"column":null}},"type":"if","locations":[{"start":{"line":78,"column":4},"end":{"line":85,"column":null}},{"start":{},"end":{}}],"line":78},"9":{"loc":{"start":{"line":93,"column":4},"end":{"line":103,"column":null}},"type":"if","locations":[{"start":{"line":93,"column":4},"end":{"line":103,"column":null}},{"start":{},"end":{}}],"line":93},"10":{"loc":{"start":{"line":98,"column":6},"end":{"line":102,"column":null}},"type":"if","locations":[{"start":{"line":98,"column":6},"end":{"line":102,"column":null}},{"start":{"line":100,"column":13},"end":{"line":102,"column":null}}],"line":98},"11":{"loc":{"start":{"line":114,"column":4},"end":{"line":116,"column":null}},"type":"if","locations":[{"start":{"line":114,"column":4},"end":{"line":116,"column":null}},{"start":{},"end":{}}],"line":114},"12":{"loc":{"start":{"line":118,"column":4},"end":{"line":120,"column":null}},"type":"if","locations":[{"start":{"line":118,"column":4},"end":{"line":120,"column":null}},{"start":{},"end":{}}],"line":118},"13":{"loc":{"start":{"line":118,"column":8},"end":{"line":118,"column":58}},"type":"binary-expr","locations":[{"start":{"line":118,"column":8},"end":{"line":118,"column":33}},{"start":{"line":118,"column":33},"end":{"line":118,"column":58}}],"line":118},"14":{"loc":{"start":{"line":124,"column":4},"end":{"line":126,"column":null}},"type":"if","locations":[{"start":{"line":124,"column":4},"end":{"line":126,"column":null}},{"start":{},"end":{}}],"line":124},"15":{"loc":{"start":{"line":128,"column":4},"end":{"line":138,"column":null}},"type":"if","locations":[{"start":{"line":128,"column":4},"end":{"line":138,"column":null}},{"start":{},"end":{}}],"line":128},"16":{"loc":{"start":{"line":129,"column":6},"end":{"line":137,"column":null}},"type":"if","locations":[{"start":{"line":129,"column":6},"end":{"line":137,"column":null}},{"start":{"line":131,"column":6},"end":{"line":137,"column":null}}],"line":129},"17":{"loc":{"start":{"line":129,"column":10},"end":{"line":129,"column":62}},"type":"binary-expr","locations":[{"start":{"line":129,"column":10},"end":{"line":129,"column":36}},{"start":{"line":129,"column":36},"end":{"line":129,"column":62}}],"line":129},"18":{"loc":{"start":{"line":131,"column":6},"end":{"line":137,"column":null}},"type":"if","locations":[{"start":{"line":131,"column":6},"end":{"line":137,"column":null}},{"start":{"line":133,"column":6},"end":{"line":137,"column":null}}],"line":131},"19":{"loc":{"start":{"line":133,"column":6},"end":{"line":137,"column":null}},"type":"if","locations":[{"start":{"line":133,"column":6},"end":{"line":137,"column":null}},{"start":{"line":135,"column":13},"end":{"line":137,"column":null}}],"line":133},"20":{"loc":{"start":{"line":144,"column":11},"end":{"line":144,"column":null}},"type":"binary-expr","locations":[{"start":{"line":144,"column":11},"end":{"line":144,"column":47}},{"start":{"line":144,"column":47},"end":{"line":144,"column":null}}],"line":144},"21":{"loc":{"start":{"line":149,"column":11},"end":{"line":149,"column":null}},"type":"binary-expr","locations":[{"start":{"line":149,"column":11},"end":{"line":149,"column":55}},{"start":{"line":149,"column":55},"end":{"line":149,"column":null}}],"line":149},"22":{"loc":{"start":{"line":154,"column":11},"end":{"line":154,"column":null}},"type":"binary-expr","locations":[{"start":{"line":154,"column":11},"end":{"line":154,"column":70}},{"start":{"line":154,"column":70},"end":{"line":154,"column":null}}],"line":154},"23":{"loc":{"start":{"line":160,"column":4},"end":{"line":160,"column":null}},"type":"if","locations":[{"start":{"line":160,"column":4},"end":{"line":160,"column":null}},{"start":{},"end":{}}],"line":160},"24":{"loc":{"start":{"line":180,"column":11},"end":{"line":180,"column":null}},"type":"binary-expr","locations":[{"start":{"line":180,"column":11},"end":{"line":180,"column":31}},{"start":{"line":180,"column":31},"end":{"line":180,"column":49}},{"start":{"line":180,"column":49},"end":{"line":180,"column":null}}],"line":180},"25":{"loc":{"start":{"line":197,"column":6},"end":{"line":205,"column":null}},"type":"if","locations":[{"start":{"line":197,"column":6},"end":{"line":205,"column":null}},{"start":{},"end":{}}],"line":197},"26":{"loc":{"start":{"line":199,"column":8},"end":{"line":201,"column":null}},"type":"if","locations":[{"start":{"line":199,"column":8},"end":{"line":201,"column":null}},{"start":{},"end":{}}],"line":199},"27":{"loc":{"start":{"line":202,"column":8},"end":{"line":204,"column":null}},"type":"if","locations":[{"start":{"line":202,"column":8},"end":{"line":204,"column":null}},{"start":{},"end":{}}],"line":202},"28":{"loc":{"start":{"line":209,"column":4},"end":{"line":211,"column":null}},"type":"if","locations":[{"start":{"line":209,"column":4},"end":{"line":211,"column":null}},{"start":{},"end":{}}],"line":209},"29":{"loc":{"start":{"line":219,"column":4},"end":{"line":219,"column":null}},"type":"if","locations":[{"start":{"line":219,"column":4},"end":{"line":219,"column":null}},{"start":{},"end":{}}],"line":219},"30":{"loc":{"start":{"line":224,"column":4},"end":{"line":229,"column":null}},"type":"if","locations":[{"start":{"line":224,"column":4},"end":{"line":229,"column":null}},{"start":{},"end":{}}],"line":224}},"s":{"0":1,"1":123,"2":123,"3":123,"4":27,"5":96,"6":96,"7":1882,"8":109,"9":109,"10":109,"11":109,"12":1,"13":108,"14":109,"15":109,"16":109,"17":109,"18":109,"19":109,"20":109,"21":109,"22":113,"23":25,"24":88,"25":88,"26":88,"27":88,"28":88,"29":85,"30":85,"31":85,"32":85,"33":3,"34":82,"35":88,"36":110,"37":24,"38":86,"39":0,"40":86,"41":86,"42":1,"43":86,"44":85,"45":1,"46":84,"47":3,"48":81,"49":1,"50":80,"51":86,"52":108,"53":3,"54":3,"55":2,"56":1,"57":1,"58":3,"59":2,"60":2,"61":2,"62":2,"63":1,"64":1,"65":1,"66":1,"67":1,"68":1,"69":1,"70":1,"71":6,"72":6,"73":6,"74":3,"75":3,"76":3,"77":3,"78":3,"79":3,"80":3,"81":3,"82":3,"83":5,"84":5,"85":5,"86":3,"87":3,"88":3,"89":3,"90":3,"91":5,"92":3,"93":0,"94":3,"95":2,"96":2,"97":1,"98":2,"99":1,"100":1,"101":1,"102":1,"103":0,"104":1,"105":1,"106":1},"f":{"0":123,"1":1882,"2":109,"3":113,"4":110,"5":108,"6":3,"7":2,"8":1,"9":3,"10":2,"11":2,"12":1,"13":1,"14":6,"15":3,"16":2,"17":1},"b":{"0":[27,96],"1":[1882,0],"2":[1882,0],"3":[1882,0],"4":[1,108],"5":[109,84],"6":[84,24],"7":[109,107],"8":[25,88],"9":[85,3],"10":[3,82],"11":[24,86],"12":[0,86],"13":[86,85],"14":[1,85],"15":[85,1],"16":[1,84],"17":[85,4],"18":[3,81],"19":[1,80],"20":[108,108],"21":[3,2],"22":[1,0],"23":[1,1],"24":[6,1,1],"25":[3,2],"26":[3,0],"27":[3,0],"28":[0,3],"29":[1,1],"30":[0,1]},"meta":{"lastBranch":31,"lastFunction":18,"lastStatement":107,"seen":{"s:21:38:236:Infinity":0,"f:22:2:22:14":0,"s:23:16:23:Infinity":1,"s:24:17:24:Infinity":2,"b:25:4:25:Infinity:undefined:undefined:undefined:undefined":0,"s:25:4:25:Infinity":3,"s:25:15:25:Infinity":4,"s:26:40:26:Infinity":5,"s:27:4:38:Infinity":6,"f:27:24:27:25":1,"s:27:32:38:6":7,"b:30:14:30:26:30:26:30:Infinity":1,"b:31:19:31:36:31:36:31:Infinity":2,"b:32:15:32:28:32:28:37:Infinity":3,"f:41:2:41:16":2,"s:42:21:42:Infinity":8,"s:43:24:43:Infinity":9,"s:45:20:45:Infinity":10,"b:47:4:49:Infinity:undefined:undefined:undefined:undefined":4,"s:47:4:49:Infinity":11,"b:47:8:47:33:47:33:47:58":5,"s:48:6:48:Infinity":12,"s:51:26:51:Infinity":13,"b:51:48:51:80:51:80:51:Infinity":6,"s:52:24:52:Infinity":14,"b:52:24:52:35:52:35:52:Infinity":7,"s:54:37:64:Infinity":15,"s:66:4:66:Infinity":16,"s:68:24:68:Infinity":17,"s:69:28:69:Infinity":18,"s:71:16:71:Infinity":19,"s:72:4:72:Infinity":20,"s:74:4:74:Infinity":21,"f:77:2:77:19":3,"b:78:4:85:Infinity:undefined:undefined:undefined:undefined":8,"s:78:4:85:Infinity":22,"s:79:6:84:Infinity":23,"s:87:25:87:Infinity":24,"s:88:27:88:Infinity":25,"s:90:21:90:Infinity":26,"s:91:23:91:Infinity":27,"b:93:4:103:Infinity:undefined:undefined:undefined:undefined":9,"s:93:4:103:Infinity":28,"s:94:24:94:Infinity":29,"s:95:24:95:Infinity":30,"s:96:19:96:Infinity":31,"b:98:6:102:Infinity:100:13:102:Infinity":10,"s:98:6:102:Infinity":32,"s:99:8:99:Infinity":33,"s:101:8:101:Infinity":34,"s:105:4:110:Infinity":35,"f:113:2:113:22":4,"b:114:4:116:Infinity:undefined:undefined:undefined:undefined":11,"s:114:4:116:Infinity":36,"s:115:6:115:Infinity":37,"b:118:4:120:Infinity:undefined:undefined:undefined:undefined":12,"s:118:4:120:Infinity":38,"b:118:8:118:33:118:33:118:58":13,"s:119:6:119:Infinity":39,"s:122:28:122:Infinity":40,"b:124:4:126:Infinity:undefined:undefined:undefined:undefined":14,"s:124:4:126:Infinity":41,"s:125:6:125:Infinity":42,"b:128:4:138:Infinity:undefined:undefined:undefined:undefined":15,"s:128:4:138:Infinity":43,"b:129:6:137:Infinity:131:6:137:Infinity":16,"s:129:6:137:Infinity":44,"b:129:10:129:36:129:36:129:62":17,"s:130:8:130:Infinity":45,"b:131:6:137:Infinity:133:6:137:Infinity":18,"s:131:6:137:Infinity":46,"s:132:8:132:Infinity":47,"b:133:6:137:Infinity:135:13:137:Infinity":19,"s:133:6:137:Infinity":48,"s:134:8:134:Infinity":49,"s:136:8:136:Infinity":50,"s:140:4:140:Infinity":51,"f:143:2:143:26":5,"s:144:4:144:Infinity":52,"b:144:11:144:47:144:47:144:Infinity":20,"f:147:2:147:13":6,"s:148:21:148:Infinity":53,"s:149:4:149:Infinity":54,"b:149:11:149:55:149:55:149:Infinity":21,"f:149:25:149:26":7,"s:149:32:149:50":55,"f:152:2:152:21":8,"s:153:21:153:Infinity":56,"s:154:4:154:Infinity":57,"b:154:11:154:70:154:70:154:Infinity":22,"f:154:25:154:26":9,"s:154:32:154:65":58,"f:157:2:157:16":10,"s:158:21:158:Infinity":59,"s:159:18:159:Infinity":60,"f:159:37:159:38":11,"s:159:44:159:62":61,"b:160:4:160:Infinity:undefined:undefined:undefined:undefined":23,"s:160:4:160:Infinity":62,"s:160:22:160:Infinity":63,"s:162:4:162:Infinity":64,"s:163:16:163:Infinity":65,"s:164:4:164:Infinity":66,"s:165:4:165:Infinity":67,"f:168:2:168:16":12,"s:169:16:169:Infinity":68,"s:170:4:170:Infinity":69,"f:173:2:173:18":13,"s:174:4:174:Infinity":70,"f:177:2:177:12":14,"s:178:17:178:Infinity":71,"s:179:4:179:Infinity":72,"s:180:4:180:Infinity":73,"b:180:11:180:31:180:31:180:49:180:49:180:Infinity":24,"f:183:2:183:14":15,"s:184:20:184:Infinity":74,"s:185:20:185:Infinity":75,"s:187:21:187:Infinity":76,"s:188:21:188:Infinity":77,"s:189:29:189:Infinity":78,"s:190:18:190:Infinity":79,"s:191:21:191:Infinity":80,"s:193:4:207:Infinity":81,"s:193:17:193:20":82,"s:194:22:194:Infinity":83,"s:195:22:195:Infinity":84,"b:197:6:205:Infinity:undefined:undefined:undefined:undefined":25,"s:197:6:205:Infinity":85,"s:198:8:198:Infinity":86,"b:199:8:201:Infinity:undefined:undefined:undefined:undefined":26,"s:199:8:201:Infinity":87,"s:200:10:200:Infinity":88,"b:202:8:204:Infinity:undefined:undefined:undefined:undefined":27,"s:202:8:204:Infinity":89,"s:203:10:203:Infinity":90,"s:206:6:206:Infinity":91,"b:209:4:211:Infinity:undefined:undefined:undefined:undefined":28,"s:209:4:211:Infinity":92,"s:210:6:210:Infinity":93,"s:213:4:213:Infinity":94,"f:216:2:216:22":16,"s:217:21:217:Infinity":95,"s:218:25:218:Infinity":96,"f:218:44:218:45":17,"s:218:51:218:69":97,"b:219:4:219:Infinity:undefined:undefined:undefined:undefined":29,"s:219:4:219:Infinity":98,"s:219:29:219:Infinity":99,"s:221:27:221:Infinity":100,"s:222:28:222:Infinity":101,"b:224:4:229:Infinity:undefined:undefined:undefined:undefined":30,"s:224:4:229:Infinity":102,"s:225:6:228:Infinity":103,"s:231:18:231:Infinity":104,"s:232:22:232:Infinity":105,"s:234:4:234:Infinity":106}}}
,"D:\\GithubProject\\AuroraDocs\\src\\services\\storage\\localStorage.ts": {"path":"D:\\GithubProject\\AuroraDocs\\src\\services\\storage\\localStorage.ts","statementMap":{"0":{"start":{"line":1,"column":21},"end":{"line":10,"column":null}},"1":{"start":{"line":12,"column":23},"end":{"line":43,"column":null}},"2":{"start":{"line":14,"column":4},"end":{"line":23,"column":null}},"3":{"start":{"line":15,"column":19},"end":{"line":15,"column":null}},"4":{"start":{"line":16,"column":6},"end":{"line":19,"column":null}},"5":{"start":{"line":17,"column":23},"end":{"line":17,"column":null}},"6":{"start":{"line":18,"column":8},"end":{"line":18,"column":null}},"7":{"start":{"line":20,"column":6},"end":{"line":20,"column":null}},"8":{"start":{"line":22,"column":6},"end":{"line":22,"column":null}},"9":{"start":{"line":27,"column":4},"end":{"line":31,"column":null}},"10":{"start":{"line":28,"column":6},"end":{"line":28,"column":null}},"11":{"start":{"line":30,"column":6},"end":{"line":30,"column":null}},"12":{"start":{"line":35,"column":4},"end":{"line":35,"column":null}},"13":{"start":{"line":39,"column":4},"end":{"line":41,"column":null}},"14":{"start":{"line":40,"column":6},"end":{"line":40,"column":null}}},"fnMap":{"0":{"name":"(anonymous_0)","decl":{"start":{"line":13,"column":2},"end":{"line":13,"column":9}},"loc":{"start":{"line":13,"column":32},"end":{"line":24,"column":null}},"line":13},"1":{"name":"(anonymous_1)","decl":{"start":{"line":26,"column":2},"end":{"line":26,"column":9}},"loc":{"start":{"line":26,"column":38},"end":{"line":32,"column":null}},"line":26},"2":{"name":"(anonymous_2)","decl":{"start":{"line":34,"column":2},"end":{"line":34,"column":9}},"loc":{"start":{"line":34,"column":28},"end":{"line":36,"column":null}},"line":34},"3":{"name":"(anonymous_3)","decl":{"start":{"line":38,"column":2},"end":{"line":38,"column":16}},"loc":{"start":{"line":38,"column":16},"end":{"line":42,"column":null}},"line":38},"4":{"name":"(anonymous_4)","decl":{"start":{"line":39,"column":40},"end":{"line":39,"column":41}},"loc":{"start":{"line":39,"column":49},"end":{"line":41,"column":5}},"line":39}},"branchMap":{"0":{"loc":{"start":{"line":16,"column":6},"end":{"line":19,"column":null}},"type":"if","locations":[{"start":{"line":16,"column":6},"end":{"line":19,"column":null}},{"start":{},"end":{}}],"line":16}},"s":{"0":7,"1":7,"2":517,"3":517,"4":517,"5":404,"6":404,"7":113,"8":1,"9":456,"10":456,"11":0,"12":1,"13":291,"14":2328},"f":{"0":517,"1":456,"2":1,"3":291,"4":2328},"b":{"0":[404,113]},"meta":{"lastBranch":1,"lastFunction":5,"lastStatement":15,"seen":{"s:1:21:10:Infinity":0,"s:12:23:43:Infinity":1,"f:13:2:13:9":0,"s:14:4:23:Infinity":2,"s:15:19:15:Infinity":3,"b:16:6:19:Infinity:undefined:undefined:undefined:undefined":0,"s:16:6:19:Infinity":4,"s:17:23:17:Infinity":5,"s:18:8:18:Infinity":6,"s:20:6:20:Infinity":7,"s:22:6:22:Infinity":8,"f:26:2:26:9":1,"s:27:4:31:Infinity":9,"s:28:6:28:Infinity":10,"s:30:6:30:Infinity":11,"f:34:2:34:9":2,"s:35:4:35:Infinity":12,"f:38:2:38:16":3,"s:39:4:41:Infinity":13,"f:39:40:39:41":4,"s:40:6:40:Infinity":14}}}
,"D:\\GithubProject\\AuroraDocs\\src\\services\\storage\\tagService.ts": {"path":"D:\\GithubProject\\AuroraDocs\\src\\services\\storage\\tagService.ts","statementMap":{"0":{"start":{"line":5,"column":2},"end":{"line":5,"column":null}},"1":{"start":{"line":9,"column":2},"end":{"line":9,"column":null}},"2":{"start":{"line":13,"column":2},"end":{"line":13,"column":null}},"3":{"start":{"line":16,"column":26},"end":{"line":69,"column":null}},"4":{"start":{"line":18,"column":4},"end":{"line":18,"column":null}},"5":{"start":{"line":22,"column":17},"end":{"line":22,"column":null}},"6":{"start":{"line":23,"column":4},"end":{"line":23,"column":null}},"7":{"start":{"line":23,"column":28},"end":{"line":23,"column":39}},"8":{"start":{"line":27,"column":17},"end":{"line":27,"column":null}},"9":{"start":{"line":28,"column":16},"end":{"line":28,"column":null}},"10":{"start":{"line":29,"column":24},"end":{"line":35,"column":null}},"11":{"start":{"line":36,"column":4},"end":{"line":36,"column":null}},"12":{"start":{"line":37,"column":4},"end":{"line":37,"column":null}},"13":{"start":{"line":38,"column":4},"end":{"line":38,"column":null}},"14":{"start":{"line":42,"column":17},"end":{"line":42,"column":null}},"15":{"start":{"line":43,"column":18},"end":{"line":43,"column":null}},"16":{"start":{"line":43,"column":40},"end":{"line":43,"column":51}},"17":{"start":{"line":44,"column":4},"end":{"line":44,"column":null}},"18":{"start":{"line":44,"column":22},"end":{"line":44,"column":null}},"19":{"start":{"line":46,"column":4},"end":{"line":50,"column":null}},"20":{"start":{"line":51,"column":4},"end":{"line":51,"column":null}},"21":{"start":{"line":52,"column":4},"end":{"line":52,"column":null}},"22":{"start":{"line":56,"column":17},"end":{"line":56,"column":null}},"23":{"start":{"line":57,"column":4},"end":{"line":57,"column":null}},"24":{"start":{"line":57,"column":30},"end":{"line":57,"column":79}},"25":{"start":{"line":61,"column":17},"end":{"line":61,"column":null}},"26":{"start":{"line":62,"column":18},"end":{"line":62,"column":null}},"27":{"start":{"line":62,"column":40},"end":{"line":62,"column":51}},"28":{"start":{"line":63,"column":4},"end":{"line":63,"column":null}},"29":{"start":{"line":63,"column":22},"end":{"line":63,"column":null}},"30":{"start":{"line":65,"column":4},"end":{"line":65,"column":null}},"31":{"start":{"line":66,"column":4},"end":{"line":66,"column":null}},"32":{"start":{"line":67,"column":4},"end":{"line":67,"column":null}}},"fnMap":{"0":{"name":"generateId","decl":{"start":{"line":4,"column":9},"end":{"line":4,"column":30}},"loc":{"start":{"line":4,"column":30},"end":{"line":6,"column":null}},"line":4},"1":{"name":"getTags","decl":{"start":{"line":8,"column":9},"end":{"line":8,"column":26}},"loc":{"start":{"line":8,"column":26},"end":{"line":10,"column":null}},"line":8},"2":{"name":"saveTags","decl":{"start":{"line":12,"column":9},"end":{"line":12,"column":18}},"loc":{"start":{"line":12,"column":37},"end":{"line":14,"column":null}},"line":12},"3":{"name":"(anonymous_3)","decl":{"start":{"line":17,"column":2},"end":{"line":17,"column":18}},"loc":{"start":{"line":17,"column":18},"end":{"line":19,"column":null}},"line":17},"4":{"name":"(anonymous_4)","decl":{"start":{"line":21,"column":2},"end":{"line":21,"column":10}},"loc":{"start":{"line":21,"column":34},"end":{"line":24,"column":null}},"line":21},"5":{"name":"(anonymous_5)","decl":{"start":{"line":23,"column":21},"end":{"line":23,"column":22}},"loc":{"start":{"line":23,"column":28},"end":{"line":23,"column":39}},"line":23},"6":{"name":"(anonymous_6)","decl":{"start":{"line":26,"column":2},"end":{"line":26,"column":9}},"loc":{"start":{"line":26,"column":55},"end":{"line":39,"column":null}},"line":26},"7":{"name":"(anonymous_7)","decl":{"start":{"line":41,"column":2},"end":{"line":41,"column":9}},"loc":{"start":{"line":41,"column":80},"end":{"line":53,"column":null}},"line":41},"8":{"name":"(anonymous_8)","decl":{"start":{"line":43,"column":33},"end":{"line":43,"column":34}},"loc":{"start":{"line":43,"column":40},"end":{"line":43,"column":51}},"line":43},"9":{"name":"(anonymous_9)","decl":{"start":{"line":55,"column":2},"end":{"line":55,"column":15}},"loc":{"start":{"line":55,"column":36},"end":{"line":58,"column":null}},"line":55},"10":{"name":"(anonymous_10)","decl":{"start":{"line":57,"column":23},"end":{"line":57,"column":24}},"loc":{"start":{"line":57,"column":30},"end":{"line":57,"column":79}},"line":57},"11":{"name":"(anonymous_11)","decl":{"start":{"line":60,"column":2},"end":{"line":60,"column":9}},"loc":{"start":{"line":60,"column":30},"end":{"line":68,"column":null}},"line":60},"12":{"name":"(anonymous_12)","decl":{"start":{"line":62,"column":33},"end":{"line":62,"column":34}},"loc":{"start":{"line":62,"column":40},"end":{"line":62,"column":51}},"line":62}},"branchMap":{"0":{"loc":{"start":{"line":9,"column":9},"end":{"line":9,"column":null}},"type":"binary-expr","locations":[{"start":{"line":9,"column":9},"end":{"line":9,"column":50}},{"start":{"line":9,"column":50},"end":{"line":9,"column":null}}],"line":9},"1":{"loc":{"start":{"line":23,"column":11},"end":{"line":23,"column":null}},"type":"binary-expr","locations":[{"start":{"line":23,"column":11},"end":{"line":23,"column":44}},{"start":{"line":23,"column":44},"end":{"line":23,"column":null}}],"line":23},"2":{"loc":{"start":{"line":26,"column":23},"end":{"line":26,"column":55}},"type":"default-arg","locations":[{"start":{"line":26,"column":39},"end":{"line":26,"column":55}}],"line":26},"3":{"loc":{"start":{"line":44,"column":4},"end":{"line":44,"column":null}},"type":"if","locations":[{"start":{"line":44,"column":4},"end":{"line":44,"column":null}},{"start":{},"end":{}}],"line":44},"4":{"loc":{"start":{"line":63,"column":4},"end":{"line":63,"column":null}},"type":"if","locations":[{"start":{"line":63,"column":4},"end":{"line":63,"column":null}},{"start":{},"end":{}}],"line":63}},"s":{"0":70,"1":81,"2":72,"3":1,"4":2,"5":3,"6":3,"7":1,"8":70,"9":70,"10":70,"11":70,"12":70,"13":70,"14":1,"15":1,"16":1,"17":1,"18":0,"19":1,"20":1,"21":1,"22":3,"23":3,"24":5,"25":2,"26":2,"27":1,"28":2,"29":1,"30":1,"31":1,"32":1},"f":{"0":70,"1":81,"2":72,"3":2,"4":3,"5":1,"6":70,"7":1,"8":1,"9":3,"10":5,"11":2,"12":1},"b":{"0":[81,16],"1":[3,2],"2":[70],"3":[0,1],"4":[1,1]},"meta":{"lastBranch":5,"lastFunction":13,"lastStatement":33,"seen":{"f:4:9:4:30":0,"s:5:2:5:Infinity":0,"f:8:9:8:26":1,"s:9:2:9:Infinity":1,"b:9:9:9:50:9:50:9:Infinity":0,"f:12:9:12:18":2,"s:13:2:13:Infinity":2,"s:16:26:69:Infinity":3,"f:17:2:17:18":3,"s:18:4:18:Infinity":4,"f:21:2:21:10":4,"s:22:17:22:Infinity":5,"s:23:4:23:Infinity":6,"b:23:11:23:44:23:44:23:Infinity":1,"f:23:21:23:22":5,"s:23:28:23:39":7,"f:26:2:26:9":6,"b:26:39:26:55":2,"s:27:17:27:Infinity":8,"s:28:16:28:Infinity":9,"s:29:24:35:Infinity":10,"s:36:4:36:Infinity":11,"s:37:4:37:Infinity":12,"s:38:4:38:Infinity":13,"f:41:2:41:9":7,"s:42:17:42:Infinity":14,"s:43:18:43:Infinity":15,"f:43:33:43:34":8,"s:43:40:43:51":16,"b:44:4:44:Infinity:undefined:undefined:undefined:undefined":3,"s:44:4:44:Infinity":17,"s:44:22:44:Infinity":18,"s:46:4:50:Infinity":19,"s:51:4:51:Infinity":20,"s:52:4:52:Infinity":21,"f:55:2:55:15":9,"s:56:17:56:Infinity":22,"s:57:4:57:Infinity":23,"f:57:23:57:24":10,"s:57:30:57:79":24,"f:60:2:60:9":11,"s:61:17:61:Infinity":25,"s:62:18:62:Infinity":26,"f:62:33:62:34":12,"s:62:40:62:51":27,"b:63:4:63:Infinity:undefined:undefined:undefined:undefined":4,"s:63:4:63:Infinity":28,"s:63:22:63:Infinity":29,"s:65:4:65:Infinity":30,"s:66:4:66:Infinity":31,"s:67:4:67:Infinity":32}}}
,"D:\\GithubProject\\AuroraDocs\\src\\services\\storage\\taskService.ts": {"path":"D:\\GithubProject\\AuroraDocs\\src\\services\\storage\\taskService.ts","statementMap":{"0":{"start":{"line":6,"column":2},"end":{"line":6,"column":null}},"1":{"start":{"line":10,"column":2},"end":{"line":10,"column":null}},"2":{"start":{"line":14,"column":2},"end":{"line":14,"column":null}},"3":{"start":{"line":18,"column":2},"end":{"line":18,"column":null}},"4":{"start":{"line":18,"column":19},"end":{"line":18,"column":null}},"5":{"start":{"line":19,"column":17},"end":{"line":19,"column":null}},"6":{"start":{"line":20,"column":2},"end":{"line":20,"column":null}},"7":{"start":{"line":23,"column":27},"end":{"line":128,"column":null}},"8":{"start":{"line":25,"column":18},"end":{"line":25,"column":null}},"9":{"start":{"line":26,"column":4},"end":{"line":34,"column":null}},"10":{"start":{"line":26,"column":32},"end":{"line":34,"column":6}},"11":{"start":{"line":38,"column":18},"end":{"line":38,"column":null}},"12":{"start":{"line":39,"column":4},"end":{"line":39,"column":null}},"13":{"start":{"line":39,"column":32},"end":{"line":39,"column":46}},"14":{"start":{"line":49,"column":18},"end":{"line":49,"column":null}},"15":{"start":{"line":50,"column":16},"end":{"line":50,"column":null}},"16":{"start":{"line":51,"column":26},"end":{"line":62,"column":null}},"17":{"start":{"line":63,"column":4},"end":{"line":63,"column":null}},"18":{"start":{"line":64,"column":4},"end":{"line":64,"column":null}},"19":{"start":{"line":65,"column":4},"end":{"line":65,"column":null}},"20":{"start":{"line":72,"column":18},"end":{"line":72,"column":null}},"21":{"start":{"line":73,"column":18},"end":{"line":73,"column":null}},"22":{"start":{"line":73,"column":44},"end":{"line":73,"column":58}},"23":{"start":{"line":74,"column":4},"end":{"line":74,"column":null}},"24":{"start":{"line":74,"column":22},"end":{"line":74,"column":null}},"25":{"start":{"line":76,"column":4},"end":{"line":80,"column":null}},"26":{"start":{"line":81,"column":4},"end":{"line":81,"column":null}},"27":{"start":{"line":82,"column":4},"end":{"line":82,"column":null}},"28":{"start":{"line":86,"column":4},"end":{"line":86,"column":null}},"29":{"start":{"line":90,"column":18},"end":{"line":90,"column":null}},"30":{"start":{"line":91,"column":18},"end":{"line":91,"column":null}},"31":{"start":{"line":91,"column":44},"end":{"line":91,"column":58}},"32":{"start":{"line":92,"column":4},"end":{"line":92,"column":null}},"33":{"start":{"line":92,"column":22},"end":{"line":92,"column":null}},"34":{"start":{"line":94,"column":4},"end":{"line":94,"column":null}},"35":{"start":{"line":95,"column":4},"end":{"line":95,"column":null}},"36":{"start":{"line":96,"column":4},"end":{"line":96,"column":null}},"37":{"start":{"line":100,"column":18},"end":{"line":100,"column":null}},"38":{"start":{"line":101,"column":4},"end":{"line":111,"column":null}},"39":{"start":{"line":102,"column":24},"end":{"line":102,"column":46}},"40":{"start":{"line":103,"column":22},"end":{"line":111,"column":8}},"41":{"start":{"line":115,"column":18},"end":{"line":115,"column":null}},"42":{"start":{"line":116,"column":4},"end":{"line":126,"column":null}},"43":{"start":{"line":117,"column":24},"end":{"line":117,"column":54}},"44":{"start":{"line":118,"column":22},"end":{"line":126,"column":8}}},"fnMap":{"0":{"name":"generateId","decl":{"start":{"line":5,"column":9},"end":{"line":5,"column":30}},"loc":{"start":{"line":5,"column":30},"end":{"line":7,"column":null}},"line":5},"1":{"name":"getTasks","decl":{"start":{"line":9,"column":9},"end":{"line":9,"column":28}},"loc":{"start":{"line":9,"column":28},"end":{"line":11,"column":null}},"line":9},"2":{"name":"saveTasks","decl":{"start":{"line":13,"column":9},"end":{"line":13,"column":19}},"loc":{"start":{"line":13,"column":40},"end":{"line":15,"column":null}},"line":13},"3":{"name":"getAssigneeName","decl":{"start":{"line":17,"column":9},"end":{"line":17,"column":25}},"loc":{"start":{"line":17,"column":67},"end":{"line":21,"column":null}},"line":17},"4":{"name":"(anonymous_4)","decl":{"start":{"line":24,"column":2},"end":{"line":24,"column":27}},"loc":{"start":{"line":24,"column":27},"end":{"line":35,"column":null}},"line":24},"5":{"name":"(anonymous_5)","decl":{"start":{"line":26,"column":21},"end":{"line":26,"column":22}},"loc":{"start":{"line":26,"column":32},"end":{"line":34,"column":6}},"line":26},"6":{"name":"(anonymous_6)","decl":{"start":{"line":37,"column":2},"end":{"line":37,"column":10}},"loc":{"start":{"line":37,"column":35},"end":{"line":40,"column":null}},"line":37},"7":{"name":"(anonymous_7)","decl":{"start":{"line":39,"column":22},"end":{"line":39,"column":23}},"loc":{"start":{"line":39,"column":32},"end":{"line":39,"column":46}},"line":39},"8":{"name":"(anonymous_8)","decl":{"start":{"line":42,"column":2},"end":{"line":42,"column":null}},"loc":{"start":{"line":48,"column":10},"end":{"line":66,"column":null}},"line":48},"9":{"name":"(anonymous_9)","decl":{"start":{"line":68,"column":2},"end":{"line":68,"column":null}},"loc":{"start":{"line":71,"column":17},"end":{"line":83,"column":null}},"line":71},"10":{"name":"(anonymous_10)","decl":{"start":{"line":73,"column":34},"end":{"line":73,"column":35}},"loc":{"start":{"line":73,"column":44},"end":{"line":73,"column":58}},"line":73},"11":{"name":"(anonymous_11)","decl":{"start":{"line":85,"column":2},"end":{"line":85,"column":15}},"loc":{"start":{"line":85,"column":60},"end":{"line":87,"column":null}},"line":85},"12":{"name":"(anonymous_12)","decl":{"start":{"line":89,"column":2},"end":{"line":89,"column":9}},"loc":{"start":{"line":89,"column":30},"end":{"line":97,"column":null}},"line":89},"13":{"name":"(anonymous_13)","decl":{"start":{"line":91,"column":34},"end":{"line":91,"column":35}},"loc":{"start":{"line":91,"column":44},"end":{"line":91,"column":58}},"line":91},"14":{"name":"(anonymous_14)","decl":{"start":{"line":99,"column":2},"end":{"line":99,"column":14}},"loc":{"start":{"line":99,"column":50},"end":{"line":112,"column":null}},"line":99},"15":{"name":"(anonymous_15)","decl":{"start":{"line":102,"column":14},"end":{"line":102,"column":15}},"loc":{"start":{"line":102,"column":24},"end":{"line":102,"column":46}},"line":102},"16":{"name":"(anonymous_16)","decl":{"start":{"line":103,"column":11},"end":{"line":103,"column":12}},"loc":{"start":{"line":103,"column":22},"end":{"line":111,"column":8}},"line":103},"17":{"name":"(anonymous_17)","decl":{"start":{"line":114,"column":2},"end":{"line":114,"column":16}},"loc":{"start":{"line":114,"column":59},"end":{"line":127,"column":null}},"line":114},"18":{"name":"(anonymous_18)","decl":{"start":{"line":117,"column":14},"end":{"line":117,"column":15}},"loc":{"start":{"line":117,"column":24},"end":{"line":117,"column":54}},"line":117},"19":{"name":"(anonymous_19)","decl":{"start":{"line":118,"column":11},"end":{"line":118,"column":12}},"loc":{"start":{"line":118,"column":22},"end":{"line":126,"column":8}},"line":118}},"branchMap":{"0":{"loc":{"start":{"line":10,"column":9},"end":{"line":10,"column":null}},"type":"binary-expr","locations":[{"start":{"line":10,"column":9},"end":{"line":10,"column":52}},{"start":{"line":10,"column":52},"end":{"line":10,"column":null}}],"line":10},"1":{"loc":{"start":{"line":18,"column":2},"end":{"line":18,"column":null}},"type":"if","locations":[{"start":{"line":18,"column":2},"end":{"line":18,"column":null}},{"start":{},"end":{}}],"line":18},"2":{"loc":{"start":{"line":20,"column":9},"end":{"line":20,"column":null}},"type":"binary-expr","locations":[{"start":{"line":20,"column":9},"end":{"line":20,"column":29}},{"start":{"line":20,"column":29},"end":{"line":20,"column":null}}],"line":20},"3":{"loc":{"start":{"line":29,"column":19},"end":{"line":29,"column":null}},"type":"binary-expr","locations":[{"start":{"line":29,"column":19},"end":{"line":29,"column":39}},{"start":{"line":29,"column":39},"end":{"line":29,"column":null}}],"line":29},"4":{"loc":{"start":{"line":33,"column":15},"end":{"line":33,"column":null}},"type":"cond-expr","locations":[{"start":{"line":33,"column":30},"end":{"line":33,"column":55}},{"start":{"line":33,"column":55},"end":{"line":33,"column":null}}],"line":33},"5":{"loc":{"start":{"line":39,"column":11},"end":{"line":39,"column":null}},"type":"binary-expr","locations":[{"start":{"line":39,"column":11},"end":{"line":39,"column":51}},{"start":{"line":39,"column":51},"end":{"line":39,"column":null}}],"line":39},"6":{"loc":{"start":{"line":44,"column":4},"end":{"line":44,"column":null}},"type":"default-arg","locations":[{"start":{"line":44,"column":26},"end":{"line":44,"column":null}}],"line":44},"7":{"loc":{"start":{"line":45,"column":4},"end":{"line":45,"column":null}},"type":"default-arg","locations":[{"start":{"line":45,"column":29},"end":{"line":45,"column":null}}],"line":45},"8":{"loc":{"start":{"line":46,"column":4},"end":{"line":46,"column":null}},"type":"default-arg","locations":[{"start":{"line":46,"column":32},"end":{"line":46,"column":null}}],"line":46},"9":{"loc":{"start":{"line":47,"column":4},"end":{"line":47,"column":null}},"type":"default-arg","locations":[{"start":{"line":47,"column":27},"end":{"line":47,"column":null}}],"line":47},"10":{"loc":{"start":{"line":74,"column":4},"end":{"line":74,"column":null}},"type":"if","locations":[{"start":{"line":74,"column":4},"end":{"line":74,"column":null}},{"start":{},"end":{}}],"line":74},"11":{"loc":{"start":{"line":92,"column":4},"end":{"line":92,"column":null}},"type":"if","locations":[{"start":{"line":92,"column":4},"end":{"line":92,"column":null}},{"start":{},"end":{}}],"line":92},"12":{"loc":{"start":{"line":106,"column":21},"end":{"line":106,"column":null}},"type":"binary-expr","locations":[{"start":{"line":106,"column":21},"end":{"line":106,"column":41}},{"start":{"line":106,"column":41},"end":{"line":106,"column":null}}],"line":106},"13":{"loc":{"start":{"line":110,"column":17},"end":{"line":110,"column":null}},"type":"cond-expr","locations":[{"start":{"line":110,"column":32},"end":{"line":110,"column":57}},{"start":{"line":110,"column":57},"end":{"line":110,"column":null}}],"line":110},"14":{"loc":{"start":{"line":121,"column":21},"end":{"line":121,"column":null}},"type":"binary-expr","locations":[{"start":{"line":121,"column":21},"end":{"line":121,"column":41}},{"start":{"line":121,"column":41},"end":{"line":121,"column":null}}],"line":121},"15":{"loc":{"start":{"line":125,"column":17},"end":{"line":125,"column":null}},"type":"cond-expr","locations":[{"start":{"line":125,"column":32},"end":{"line":125,"column":57}},{"start":{"line":125,"column":57},"end":{"line":125,"column":null}}],"line":125}},"s":{"0":73,"1":91,"2":78,"3":63,"4":62,"5":1,"6":1,"7":1,"8":4,"9":4,"10":58,"11":3,"12":3,"13":1,"14":73,"15":73,"16":73,"17":73,"18":73,"19":73,"20":4,"21":4,"22":7,"23":4,"24":0,"25":4,"26":4,"27":4,"28":3,"29":2,"30":2,"31":1,"32":2,"33":1,"34":1,"35":1,"36":1,"37":3,"38":3,"39":9,"40":3,"41":2,"42":2,"43":4,"44":2},"f":{"0":73,"1":91,"2":78,"3":63,"4":4,"5":58,"6":3,"7":1,"8":73,"9":4,"10":7,"11":3,"12":2,"13":1,"14":3,"15":9,"16":3,"17":2,"18":4,"19":2},"b":{"0":[91,19],"1":[62,1],"2":[1,1],"3":[58,58],"4":[0,58],"5":[3,2],"6":[73],"7":[73],"8":[73],"9":[73],"10":[0,4],"11":[1,1],"12":[3,3],"13":[0,3],"14":[2,2],"15":[0,2]},"meta":{"lastBranch":16,"lastFunction":20,"lastStatement":45,"seen":{"f:5:9:5:30":0,"s:6:2:6:Infinity":0,"f:9:9:9:28":1,"s:10:2:10:Infinity":1,"b:10:9:10:52:10:52:10:Infinity":0,"f:13:9:13:19":2,"s:14:2:14:Infinity":2,"f:17:9:17:25":3,"b:18:2:18:Infinity:undefined:undefined:undefined:undefined":1,"s:18:2:18:Infinity":3,"s:18:19:18:Infinity":4,"s:19:17:19:Infinity":5,"s:20:2:20:Infinity":6,"b:20:9:20:29:20:29:20:Infinity":2,"s:23:27:128:Infinity":7,"f:24:2:24:27":4,"s:25:18:25:Infinity":8,"s:26:4:34:Infinity":9,"f:26:21:26:22":5,"s:26:32:34:6":10,"b:29:19:29:39:29:39:29:Infinity":3,"b:33:30:33:55:33:55:33:Infinity":4,"f:37:2:37:10":6,"s:38:18:38:Infinity":11,"s:39:4:39:Infinity":12,"b:39:11:39:51:39:51:39:Infinity":5,"f:39:22:39:23":7,"s:39:32:39:46":13,"f:42:2:42:Infinity":8,"b:44:26:44:Infinity":6,"b:45:29:45:Infinity":7,"b:46:32:46:Infinity":8,"b:47:27:47:Infinity":9,"s:49:18:49:Infinity":14,"s:50:16:50:Infinity":15,"s:51:26:62:Infinity":16,"s:63:4:63:Infinity":17,"s:64:4:64:Infinity":18,"s:65:4:65:Infinity":19,"f:68:2:68:Infinity":9,"s:72:18:72:Infinity":20,"s:73:18:73:Infinity":21,"f:73:34:73:35":10,"s:73:44:73:58":22,"b:74:4:74:Infinity:undefined:undefined:undefined:undefined":10,"s:74:4:74:Infinity":23,"s:74:22:74:Infinity":24,"s:76:4:80:Infinity":25,"s:81:4:81:Infinity":26,"s:82:4:82:Infinity":27,"f:85:2:85:15":11,"s:86:4:86:Infinity":28,"f:89:2:89:9":12,"s:90:18:90:Infinity":29,"s:91:18:91:Infinity":30,"f:91:34:91:35":13,"s:91:44:91:58":31,"b:92:4:92:Infinity:undefined:undefined:undefined:undefined":11,"s:92:4:92:Infinity":32,"s:92:22:92:Infinity":33,"s:94:4:94:Infinity":34,"s:95:4:95:Infinity":35,"s:96:4:96:Infinity":36,"f:99:2:99:14":14,"s:100:18:100:Infinity":37,"s:101:4:111:Infinity":38,"f:102:14:102:15":15,"s:102:24:102:46":39,"f:103:11:103:12":16,"s:103:22:111:8":40,"b:106:21:106:41:106:41:106:Infinity":12,"b:110:32:110:57:110:57:110:Infinity":13,"f:114:2:114:16":17,"s:115:18:115:Infinity":41,"s:116:4:126:Infinity":42,"f:117:14:117:15":18,"s:117:24:117:54":43,"f:118:11:118:12":19,"s:118:22:126:8":44,"b:121:21:121:41:121:41:121:Infinity":14,"b:125:32:125:57:125:57:125:Infinity":15}}}
,"D:\\GithubProject\\AuroraDocs\\src\\services\\storage\\teamService.ts": {"path":"D:\\GithubProject\\AuroraDocs\\src\\services\\storage\\teamService.ts","statementMap":{"0":{"start":{"line":5,"column":2},"end":{"line":5,"column":null}},"1":{"start":{"line":9,"column":2},"end":{"line":9,"column":null}},"2":{"start":{"line":13,"column":2},"end":{"line":13,"column":null}},"3":{"start":{"line":16,"column":27},"end":{"line":103,"column":null}},"4":{"start":{"line":18,"column":4},"end":{"line":18,"column":null}},"5":{"start":{"line":22,"column":18},"end":{"line":22,"column":null}},"6":{"start":{"line":23,"column":4},"end":{"line":23,"column":null}},"7":{"start":{"line":23,"column":32},"end":{"line":23,"column":46}},"8":{"start":{"line":27,"column":18},"end":{"line":27,"column":null}},"9":{"start":{"line":28,"column":16},"end":{"line":28,"column":null}},"10":{"start":{"line":29,"column":26},"end":{"line":36,"column":null}},"11":{"start":{"line":37,"column":4},"end":{"line":37,"column":null}},"12":{"start":{"line":38,"column":4},"end":{"line":38,"column":null}},"13":{"start":{"line":39,"column":4},"end":{"line":39,"column":null}},"14":{"start":{"line":43,"column":18},"end":{"line":43,"column":null}},"15":{"start":{"line":44,"column":18},"end":{"line":44,"column":null}},"16":{"start":{"line":44,"column":44},"end":{"line":44,"column":58}},"17":{"start":{"line":45,"column":4},"end":{"line":45,"column":null}},"18":{"start":{"line":45,"column":22},"end":{"line":45,"column":null}},"19":{"start":{"line":47,"column":4},"end":{"line":51,"column":null}},"20":{"start":{"line":52,"column":4},"end":{"line":52,"column":null}},"21":{"start":{"line":53,"column":4},"end":{"line":53,"column":null}},"22":{"start":{"line":57,"column":18},"end":{"line":57,"column":null}},"23":{"start":{"line":58,"column":18},"end":{"line":58,"column":null}},"24":{"start":{"line":58,"column":44},"end":{"line":58,"column":58}},"25":{"start":{"line":59,"column":4},"end":{"line":59,"column":null}},"26":{"start":{"line":59,"column":22},"end":{"line":59,"column":null}},"27":{"start":{"line":61,"column":4},"end":{"line":61,"column":null}},"28":{"start":{"line":62,"column":4},"end":{"line":62,"column":null}},"29":{"start":{"line":63,"column":4},"end":{"line":63,"column":null}},"30":{"start":{"line":67,"column":20},"end":{"line":67,"column":null}},"31":{"start":{"line":68,"column":4},"end":{"line":68,"column":null}},"32":{"start":{"line":68,"column":33},"end":{"line":68,"column":52}},"33":{"start":{"line":72,"column":20},"end":{"line":72,"column":null}},"34":{"start":{"line":73,"column":34},"end":{"line":80,"column":null}},"35":{"start":{"line":81,"column":4},"end":{"line":81,"column":null}},"36":{"start":{"line":82,"column":4},"end":{"line":82,"column":null}},"37":{"start":{"line":83,"column":4},"end":{"line":83,"column":null}},"38":{"start":{"line":87,"column":20},"end":{"line":87,"column":null}},"39":{"start":{"line":88,"column":18},"end":{"line":88,"column":null}},"40":{"start":{"line":88,"column":43},"end":{"line":88,"column":83}},"41":{"start":{"line":89,"column":4},"end":{"line":89,"column":null}},"42":{"start":{"line":89,"column":22},"end":{"line":89,"column":null}},"43":{"start":{"line":90,"column":4},"end":{"line":90,"column":null}},"44":{"start":{"line":91,"column":4},"end":{"line":91,"column":null}},"45":{"start":{"line":92,"column":4},"end":{"line":92,"column":null}},"46":{"start":{"line":96,"column":4},"end":{"line":96,"column":null}},"47":{"start":{"line":100,"column":20},"end":{"line":100,"column":null}},"48":{"start":{"line":101,"column":4},"end":{"line":101,"column":null}},"49":{"start":{"line":101,"column":31},"end":{"line":101,"column":48}}},"fnMap":{"0":{"name":"generateId","decl":{"start":{"line":4,"column":9},"end":{"line":4,"column":30}},"loc":{"start":{"line":4,"column":30},"end":{"line":6,"column":null}},"line":4},"1":{"name":"getTeams","decl":{"start":{"line":8,"column":9},"end":{"line":8,"column":28}},"loc":{"start":{"line":8,"column":28},"end":{"line":10,"column":null}},"line":8},"2":{"name":"saveTeams","decl":{"start":{"line":12,"column":9},"end":{"line":12,"column":19}},"loc":{"start":{"line":12,"column":40},"end":{"line":14,"column":null}},"line":12},"3":{"name":"(anonymous_3)","decl":{"start":{"line":17,"column":2},"end":{"line":17,"column":19}},"loc":{"start":{"line":17,"column":19},"end":{"line":19,"column":null}},"line":17},"4":{"name":"(anonymous_4)","decl":{"start":{"line":21,"column":2},"end":{"line":21,"column":10}},"loc":{"start":{"line":21,"column":35},"end":{"line":24,"column":null}},"line":21},"5":{"name":"(anonymous_5)","decl":{"start":{"line":23,"column":22},"end":{"line":23,"column":23}},"loc":{"start":{"line":23,"column":32},"end":{"line":23,"column":46}},"line":23},"6":{"name":"(anonymous_6)","decl":{"start":{"line":26,"column":2},"end":{"line":26,"column":9}},"loc":{"start":{"line":26,"column":55},"end":{"line":40,"column":null}},"line":26},"7":{"name":"(anonymous_7)","decl":{"start":{"line":42,"column":2},"end":{"line":42,"column":9}},"loc":{"start":{"line":42,"column":88},"end":{"line":54,"column":null}},"line":42},"8":{"name":"(anonymous_8)","decl":{"start":{"line":44,"column":34},"end":{"line":44,"column":35}},"loc":{"start":{"line":44,"column":44},"end":{"line":44,"column":58}},"line":44},"9":{"name":"(anonymous_9)","decl":{"start":{"line":56,"column":2},"end":{"line":56,"column":9}},"loc":{"start":{"line":56,"column":30},"end":{"line":64,"column":null}},"line":56},"10":{"name":"(anonymous_10)","decl":{"start":{"line":58,"column":34},"end":{"line":58,"column":35}},"loc":{"start":{"line":58,"column":44},"end":{"line":58,"column":58}},"line":58},"11":{"name":"(anonymous_11)","decl":{"start":{"line":66,"column":2},"end":{"line":66,"column":13}},"loc":{"start":{"line":66,"column":43},"end":{"line":69,"column":null}},"line":66},"12":{"name":"(anonymous_12)","decl":{"start":{"line":68,"column":26},"end":{"line":68,"column":27}},"loc":{"start":{"line":68,"column":33},"end":{"line":68,"column":52}},"line":68},"13":{"name":"(anonymous_13)","decl":{"start":{"line":71,"column":2},"end":{"line":71,"column":12}},"loc":{"start":{"line":71,"column":104},"end":{"line":84,"column":null}},"line":71},"14":{"name":"(anonymous_14)","decl":{"start":{"line":86,"column":2},"end":{"line":86,"column":15}},"loc":{"start":{"line":86,"column":58},"end":{"line":93,"column":null}},"line":86},"15":{"name":"(anonymous_15)","decl":{"start":{"line":88,"column":36},"end":{"line":88,"column":37}},"loc":{"start":{"line":88,"column":43},"end":{"line":88,"column":83}},"line":88},"16":{"name":"(anonymous_16)","decl":{"start":{"line":95,"column":2},"end":{"line":95,"column":32}},"loc":{"start":{"line":95,"column":32},"end":{"line":97,"column":null}},"line":95},"17":{"name":"(anonymous_17)","decl":{"start":{"line":99,"column":2},"end":{"line":99,"column":16}},"loc":{"start":{"line":99,"column":53},"end":{"line":102,"column":null}},"line":99},"18":{"name":"(anonymous_18)","decl":{"start":{"line":101,"column":24},"end":{"line":101,"column":25}},"loc":{"start":{"line":101,"column":31},"end":{"line":101,"column":48}},"line":101}},"branchMap":{"0":{"loc":{"start":{"line":9,"column":9},"end":{"line":9,"column":null}},"type":"binary-expr","locations":[{"start":{"line":9,"column":9},"end":{"line":9,"column":52}},{"start":{"line":9,"column":52},"end":{"line":9,"column":null}}],"line":9},"1":{"loc":{"start":{"line":23,"column":11},"end":{"line":23,"column":null}},"type":"binary-expr","locations":[{"start":{"line":23,"column":11},"end":{"line":23,"column":51}},{"start":{"line":23,"column":51},"end":{"line":23,"column":null}}],"line":23},"2":{"loc":{"start":{"line":26,"column":23},"end":{"line":26,"column":55}},"type":"default-arg","locations":[{"start":{"line":26,"column":45},"end":{"line":26,"column":55}}],"line":26},"3":{"loc":{"start":{"line":45,"column":4},"end":{"line":45,"column":null}},"type":"if","locations":[{"start":{"line":45,"column":4},"end":{"line":45,"column":null}},{"start":{},"end":{}}],"line":45},"4":{"loc":{"start":{"line":59,"column":4},"end":{"line":59,"column":null}},"type":"if","locations":[{"start":{"line":59,"column":4},"end":{"line":59,"column":null}},{"start":{},"end":{}}],"line":59},"5":{"loc":{"start":{"line":67,"column":20},"end":{"line":67,"column":null}},"type":"binary-expr","locations":[{"start":{"line":67,"column":20},"end":{"line":67,"column":77}},{"start":{"line":67,"column":77},"end":{"line":67,"column":null}}],"line":67},"6":{"loc":{"start":{"line":71,"column":65},"end":{"line":71,"column":104}},"type":"default-arg","locations":[{"start":{"line":71,"column":82},"end":{"line":71,"column":104}}],"line":71},"7":{"loc":{"start":{"line":72,"column":20},"end":{"line":72,"column":null}},"type":"binary-expr","locations":[{"start":{"line":72,"column":20},"end":{"line":72,"column":77}},{"start":{"line":72,"column":77},"end":{"line":72,"column":null}}],"line":72},"8":{"loc":{"start":{"line":87,"column":20},"end":{"line":87,"column":null}},"type":"binary-expr","locations":[{"start":{"line":87,"column":20},"end":{"line":87,"column":77}},{"start":{"line":87,"column":77},"end":{"line":87,"column":null}}],"line":87},"9":{"loc":{"start":{"line":88,"column":43},"end":{"line":88,"column":83}},"type":"binary-expr","locations":[{"start":{"line":88,"column":43},"end":{"line":88,"column":64}},{"start":{"line":88,"column":64},"end":{"line":88,"column":83}}],"line":88},"10":{"loc":{"start":{"line":89,"column":4},"end":{"line":89,"column":null}},"type":"if","locations":[{"start":{"line":89,"column":4},"end":{"line":89,"column":null}},{"start":{},"end":{}}],"line":89},"11":{"loc":{"start":{"line":96,"column":11},"end":{"line":96,"column":null}},"type":"binary-expr","locations":[{"start":{"line":96,"column":11},"end":{"line":96,"column":68}},{"start":{"line":96,"column":68},"end":{"line":96,"column":null}}],"line":96},"12":{"loc":{"start":{"line":100,"column":20},"end":{"line":100,"column":null}},"type":"binary-expr","locations":[{"start":{"line":100,"column":20},"end":{"line":100,"column":77}},{"start":{"line":100,"column":77},"end":{"line":100,"column":null}}],"line":100},"13":{"loc":{"start":{"line":101,"column":11},"end":{"line":101,"column":null}},"type":"binary-expr","locations":[{"start":{"line":101,"column":11},"end":{"line":101,"column":53}},{"start":{"line":101,"column":53},"end":{"line":101,"column":null}}],"line":101}},"s":{"0":131,"1":53,"2":47,"3":2,"4":2,"5":3,"6":3,"7":1,"8":45,"9":45,"10":45,"11":45,"12":45,"13":45,"14":1,"15":1,"16":1,"17":1,"18":0,"19":1,"20":1,"21":1,"22":2,"23":2,"24":1,"25":2,"26":1,"27":1,"28":1,"29":1,"30":4,"31":4,"32":36,"33":43,"34":43,"35":43,"36":43,"37":43,"38":2,"39":2,"40":1,"41":2,"42":1,"43":1,"44":1,"45":1,"46":1,"47":3,"48":3,"49":1},"f":{"0":131,"1":53,"2":47,"3":2,"4":3,"5":1,"6":45,"7":1,"8":1,"9":2,"10":1,"11":4,"12":36,"13":43,"14":2,"15":1,"16":1,"17":3,"18":1},"b":{"0":[53,24],"1":[3,2],"2":[45],"3":[0,1],"4":[1,1],"5":[4,0],"6":[43],"7":[43,9],"8":[2,1],"9":[1,1],"10":[1,1],"11":[1,0],"12":[3,2],"13":[3,2]},"meta":{"lastBranch":14,"lastFunction":19,"lastStatement":50,"seen":{"f:4:9:4:30":0,"s:5:2:5:Infinity":0,"f:8:9:8:28":1,"s:9:2:9:Infinity":1,"b:9:9:9:52:9:52:9:Infinity":0,"f:12:9:12:19":2,"s:13:2:13:Infinity":2,"s:16:27:103:Infinity":3,"f:17:2:17:19":3,"s:18:4:18:Infinity":4,"f:21:2:21:10":4,"s:22:18:22:Infinity":5,"s:23:4:23:Infinity":6,"b:23:11:23:51:23:51:23:Infinity":1,"f:23:22:23:23":5,"s:23:32:23:46":7,"f:26:2:26:9":6,"b:26:45:26:55":2,"s:27:18:27:Infinity":8,"s:28:16:28:Infinity":9,"s:29:26:36:Infinity":10,"s:37:4:37:Infinity":11,"s:38:4:38:Infinity":12,"s:39:4:39:Infinity":13,"f:42:2:42:9":7,"s:43:18:43:Infinity":14,"s:44:18:44:Infinity":15,"f:44:34:44:35":8,"s:44:44:44:58":16,"b:45:4:45:Infinity:undefined:undefined:undefined:undefined":3,"s:45:4:45:Infinity":17,"s:45:22:45:Infinity":18,"s:47:4:51:Infinity":19,"s:52:4:52:Infinity":20,"s:53:4:53:Infinity":21,"f:56:2:56:9":9,"s:57:18:57:Infinity":22,"s:58:18:58:Infinity":23,"f:58:34:58:35":10,"s:58:44:58:58":24,"b:59:4:59:Infinity:undefined:undefined:undefined:undefined":4,"s:59:4:59:Infinity":25,"s:59:22:59:Infinity":26,"s:61:4:61:Infinity":27,"s:62:4:62:Infinity":28,"s:63:4:63:Infinity":29,"f:66:2:66:13":11,"s:67:20:67:Infinity":30,"b:67:20:67:77:67:77:67:Infinity":5,"s:68:4:68:Infinity":31,"f:68:26:68:27":12,"s:68:33:68:52":32,"f:71:2:71:12":13,"b:71:82:71:104":6,"s:72:20:72:Infinity":33,"b:72:20:72:77:72:77:72:Infinity":7,"s:73:34:80:Infinity":34,"s:81:4:81:Infinity":35,"s:82:4:82:Infinity":36,"s:83:4:83:Infinity":37,"f:86:2:86:15":14,"s:87:20:87:Infinity":38,"b:87:20:87:77:87:77:87:Infinity":8,"s:88:18:88:Infinity":39,"f:88:36:88:37":15,"s:88:43:88:83":40,"b:88:43:88:64:88:64:88:83":9,"b:89:4:89:Infinity:undefined:undefined:undefined:undefined":10,"s:89:4:89:Infinity":41,"s:89:22:89:Infinity":42,"s:90:4:90:Infinity":43,"s:91:4:91:Infinity":44,"s:92:4:92:Infinity":45,"f:95:2:95:32":16,"s:96:4:96:Infinity":46,"b:96:11:96:68:96:68:96:Infinity":11,"f:99:2:99:16":17,"s:100:20:100:Infinity":47,"b:100:20:100:77:100:77:100:Infinity":12,"s:101:4:101:Infinity":48,"b:101:11:101:53:101:53:101:Infinity":13,"f:101:24:101:25":18,"s:101:31:101:48":49}}}
,"D:\\GithubProject\\AuroraDocs\\src\\services\\tauri\\tauriService.ts": {"path":"D:\\GithubProject\\AuroraDocs\\src\\services\\tauri\\tauriService.ts","statementMap":{"0":{"start":{"line":3,"column":28},"end":{"line":21,"column":null}},"1":{"start":{"line":5,"column":4},"end":{"line":10,"column":null}},"2":{"start":{"line":6,"column":6},"end":{"line":6,"column":null}},"3":{"start":{"line":7,"column":6},"end":{"line":7,"column":null}},"4":{"start":{"line":9,"column":6},"end":{"line":9,"column":null}},"5":{"start":{"line":14,"column":4},"end":{"line":19,"column":null}},"6":{"start":{"line":15,"column":19},"end":{"line":15,"column":null}},"7":{"start":{"line":16,"column":6},"end":{"line":16,"column":null}},"8":{"start":{"line":18,"column":6},"end":{"line":18,"column":null}}},"fnMap":{"0":{"name":"(anonymous_0)","decl":{"start":{"line":4,"column":8},"end":{"line":4,"column":21}},"loc":{"start":{"line":4,"column":85},"end":{"line":11,"column":null}},"line":4},"1":{"name":"(anonymous_1)","decl":{"start":{"line":13,"column":8},"end":{"line":13,"column":21}},"loc":{"start":{"line":13,"column":95},"end":{"line":20,"column":null}},"line":13}},"branchMap":{},"s":{"0":0,"1":0,"2":0,"3":0,"4":0,"5":0,"6":0,"7":0,"8":0},"f":{"0":0,"1":0},"b":{},"meta":{"lastBranch":0,"lastFunction":2,"lastStatement":9,"seen":{"s:3:28:21:Infinity":0,"f:4:8:4:21":0,"s:5:4:10:Infinity":1,"s:6:6:6:Infinity":2,"s:7:6:7:Infinity":3,"s:9:6:9:Infinity":4,"f:13:8:13:21":1,"s:14:4:19:Infinity":5,"s:15:19:15:Infinity":6,"s:16:6:16:Infinity":7,"s:18:6:18:Infinity":8}}}
}
